[ 2016-04-12T14:46:16+08:00 ] ::1 /shop/ADM.php
INFO: [ app_init ] --START--
INFO: Run Behavior\BuildLiteBehavior [ RunTime:0.000000s ]
INFO: [ app_init ] --END-- [ RunTime:0.000000s ]
INFO: [ app_begin ] --START--
INFO: Run Behavior\ReadHtmlCacheBehavior [ RunTime:0.001000s ]
INFO: [ app_begin ] --END-- [ RunTime:0.001000s ]
INFO: [ view_parse ] --START--
INFO: [ template_filter ] --START--
INFO: Run Behavior\ContentReplaceBehavior [ RunTime:0.000000s ]
INFO: [ template_filter ] --END-- [ RunTime:0.000000s ]
INFO: Run Behavior\ParseTemplateBehavior [ RunTime:0.012000s ]
INFO: [ view_parse ] --END-- [ RunTime:0.012000s ]
INFO: [ view_filter ] --START--
INFO: Run Behavior\WriteHtmlCacheBehavior [ RunTime:0.001000s ]
INFO: [ view_filter ] --END-- [ RunTime:0.001000s ]
INFO: [ app_end ] --START--
INFO: Run Behavior\ShowPageTraceBehavior [ RunTime:0.000000s ]
INFO: [ app_end ] --END-- [ RunTime:0.000000s ]
NOTIC: [8] Constant MEMORY_LIMIT_ON already defined D:\WWW\shop\ThinkPHP\ThinkPHP.php 第 19 行.
NOTIC: [8] Constant THINK_VERSION already defined D:\WWW\shop\ThinkPHP\ThinkPHP.php 第 23 行.
NOTIC: [8] Constant URL_COMMON already defined D:\WWW\shop\ThinkPHP\ThinkPHP.php 第 26 行.
NOTIC: [8] Constant URL_PATHINFO already defined D:\WWW\shop\ThinkPHP\ThinkPHP.php 第 27 行.
NOTIC: [8] Constant URL_REWRITE already defined D:\WWW\shop\ThinkPHP\ThinkPHP.php 第 28 行.
NOTIC: [8] Constant URL_COMPAT already defined D:\WWW\shop\ThinkPHP\ThinkPHP.php 第 29 行.
NOTIC: [8] Constant EXT already defined D:\WWW\shop\ThinkPHP\ThinkPHP.php 第 32 行.
NOTIC: [8] Constant MAGIC_QUOTES_GPC already defined D:\WWW\shop\ThinkPHP\ThinkPHP.php 第 71 行.
NOTIC: [8] Constant IS_CGI already defined D:\WWW\shop\ThinkPHP\ThinkPHP.php 第 73 行.
NOTIC: [8] Constant IS_WIN already defined D:\WWW\shop\ThinkPHP\ThinkPHP.php 第 74 行.
NOTIC: [8] Constant IS_CLI already defined D:\WWW\shop\ThinkPHP\ThinkPHP.php 第 75 行.

[ 2016-04-12T14:46:18+08:00 ] ::1 /shop/ADM.php
INFO: [ app_init ] --START--
INFO: Run Behavior\BuildLiteBehavior [ RunTime:0.000000s ]
INFO: [ app_init ] --END-- [ RunTime:0.001000s ]
INFO: [ app_begin ] --START--
INFO: Run Behavior\ReadHtmlCacheBehavior [ RunTime:0.001000s ]
INFO: [ app_begin ] --END-- [ RunTime:0.001000s ]
INFO: [ view_parse ] --START--
INFO: Run Behavior\ParseTemplateBehavior [ RunTime:0.000000s ]
INFO: [ view_parse ] --END-- [ RunTime:0.000000s ]
INFO: [ view_filter ] --START--
INFO: Run Behavior\WriteHtmlCacheBehavior [ RunTime:0.001000s ]
INFO: [ view_filter ] --END-- [ RunTime:0.001000s ]
INFO: [ app_end ] --START--
INFO: Run Behavior\ShowPageTraceBehavior [ RunTime:0.000000s ]
INFO: [ app_end ] --END-- [ RunTime:0.000000s ]
NOTIC: [8] Constant MEMORY_LIMIT_ON already defined D:\WWW\shop\ThinkPHP\ThinkPHP.php 第 19 行.
NOTIC: [8] Constant THINK_VERSION already defined D:\WWW\shop\ThinkPHP\ThinkPHP.php 第 23 行.
NOTIC: [8] Constant URL_COMMON already defined D:\WWW\shop\ThinkPHP\ThinkPHP.php 第 26 行.
NOTIC: [8] Constant URL_PATHINFO already defined D:\WWW\shop\ThinkPHP\ThinkPHP.php 第 27 行.
NOTIC: [8] Constant URL_REWRITE already defined D:\WWW\shop\ThinkPHP\ThinkPHP.php 第 28 行.
NOTIC: [8] Constant URL_COMPAT already defined D:\WWW\shop\ThinkPHP\ThinkPHP.php 第 29 行.
NOTIC: [8] Constant EXT already defined D:\WWW\shop\ThinkPHP\ThinkPHP.php 第 32 行.
NOTIC: [8] Constant MAGIC_QUOTES_GPC already defined D:\WWW\shop\ThinkPHP\ThinkPHP.php 第 71 行.
NOTIC: [8] Constant IS_CGI already defined D:\WWW\shop\ThinkPHP\ThinkPHP.php 第 73 行.
NOTIC: [8] Constant IS_WIN already defined D:\WWW\shop\ThinkPHP\ThinkPHP.php 第 74 行.
NOTIC: [8] Constant IS_CLI already defined D:\WWW\shop\ThinkPHP\ThinkPHP.php 第 75 行.

