[ 2016-05-09T09:44:08+08:00 ] ::1 /first/m.php/
INFO: [ app_init ] --START--
INFO: Run Behavior\BuildLiteBehavior [ RunTime:0.000000s ]
INFO: [ app_init ] --END-- [ RunTime:0.001000s ]
INFO: [ app_begin ] --START--
INFO: Run Behavior\ReadHtmlCacheBehavior [ RunTime:0.001000s ]
INFO: [ app_begin ] --END-- [ RunTime:0.001000s ]
INFO: [ view_parse ] --START--
INFO: [ template_filter ] --START--
INFO: Run Behavior\ContentReplaceBehavior [ RunTime:0.000000s ]
INFO: [ template_filter ] --END-- [ RunTime:0.000000s ]
INFO: Run Behavior\ParseTemplateBehavior [ RunTime:0.012000s ]
INFO: [ view_parse ] --END-- [ RunTime:0.012000s ]
INFO: [ view_filter ] --START--
INFO: Run Behavior\WriteHtmlCacheBehavior [ RunTime:0.000000s ]
INFO: [ view_filter ] --END-- [ RunTime:0.000000s ]
INFO: [ app_end ] --START--
INFO: Run Behavior\ShowPageTraceBehavior [ RunTime:0.000000s ]
INFO: [ app_end ] --END-- [ RunTime:0.000000s ]

[ 2016-05-09T09:44:13+08:00 ] ::1 /first/m.php/Setting/index.html
INFO: [ app_init ] --START--
INFO: Run Behavior\BuildLiteBehavior [ RunTime:0.000000s ]
INFO: [ app_init ] --END-- [ RunTime:0.001000s ]
INFO: [ app_begin ] --START--
INFO: Run Behavior\ReadHtmlCacheBehavior [ RunTime:0.000000s ]
INFO: [ app_begin ] --END-- [ RunTime:0.000000s ]
SQL: SHOW COLUMNS FROM `thinkoao_config` [ RunTime:0.0120s ]
SQL: SELECT * FROM `thinkoao_config`  [ RunTime:0.0020s ]
INFO: [ view_parse ] --START--
INFO: [ template_filter ] --START--
INFO: Run Behavior\ContentReplaceBehavior [ RunTime:0.000000s ]
INFO: [ template_filter ] --END-- [ RunTime:0.001000s ]
NOTIC: [8] Undefined variable: WEB_SITE_TITLE D:\WWW\first\Application\Runtime\Cache\Admin\94874399856847a0aef2309f9a226cc8.php 第 333 行.
INFO: Run Behavior\ParseTemplateBehavior [ RunTime:0.030000s ]
INFO: [ view_parse ] --END-- [ RunTime:0.030000s ]
INFO: [ view_filter ] --START--
INFO: Run Behavior\WriteHtmlCacheBehavior [ RunTime:0.001000s ]
INFO: [ view_filter ] --END-- [ RunTime:0.001000s ]
INFO: [ app_end ] --START--
INFO: Run Behavior\ShowPageTraceBehavior [ RunTime:0.001000s ]
INFO: [ app_end ] --END-- [ RunTime:0.001000s ]

[ 2016-05-09T09:44:21+08:00 ] ::1 /first/m.php/Setting/config.html
INFO: [ app_init ] --START--
INFO: Run Behavior\BuildLiteBehavior [ RunTime:0.000000s ]
INFO: [ app_init ] --END-- [ RunTime:0.000000s ]
INFO: [ app_begin ] --START--
INFO: Run Behavior\ReadHtmlCacheBehavior [ RunTime:0.000000s ]
INFO: [ app_begin ] --END-- [ RunTime:0.000000s ]
SQL: SHOW COLUMNS FROM `thinkoao_config` [ RunTime:0.0070s ]
SQL: SELECT * FROM `thinkoao_config`  [ RunTime:0.0010s ]
INFO: [ view_parse ] --START--
INFO: [ template_filter ] --START--
INFO: Run Behavior\ContentReplaceBehavior [ RunTime:0.001000s ]
INFO: [ template_filter ] --END-- [ RunTime:0.001000s ]
NOTIC: [8] Undefined variable: val D:\WWW\first\Application\Runtime\Cache\Admin\703e8e118d3c15ea234387b8e74934c8.php 第 405 行.
NOTIC: [8] Undefined index: last_login_time D:\WWW\first\Application\Runtime\Cache\Admin\703e8e118d3c15ea234387b8e74934c8.php 第 417 行.
NOTIC: [8] Undefined index: uid D:\WWW\first\Application\Runtime\Cache\Admin\703e8e118d3c15ea234387b8e74934c8.php 第 426 行.
NOTIC: [8] Undefined variable: val D:\WWW\first\Application\Runtime\Cache\Admin\703e8e118d3c15ea234387b8e74934c8.php 第 405 行.
NOTIC: [8] Undefined index: last_login_time D:\WWW\first\Application\Runtime\Cache\Admin\703e8e118d3c15ea234387b8e74934c8.php 第 417 行.
NOTIC: [8] Undefined index: uid D:\WWW\first\Application\Runtime\Cache\Admin\703e8e118d3c15ea234387b8e74934c8.php 第 426 行.
NOTIC: [8] Undefined variable: val D:\WWW\first\Application\Runtime\Cache\Admin\703e8e118d3c15ea234387b8e74934c8.php 第 405 行.
NOTIC: [8] Undefined index: last_login_time D:\WWW\first\Application\Runtime\Cache\Admin\703e8e118d3c15ea234387b8e74934c8.php 第 417 行.
NOTIC: [8] Undefined index: uid D:\WWW\first\Application\Runtime\Cache\Admin\703e8e118d3c15ea234387b8e74934c8.php 第 426 行.
NOTIC: [8] Undefined variable: val D:\WWW\first\Application\Runtime\Cache\Admin\703e8e118d3c15ea234387b8e74934c8.php 第 405 行.
NOTIC: [8] Undefined index: last_login_time D:\WWW\first\Application\Runtime\Cache\Admin\703e8e118d3c15ea234387b8e74934c8.php 第 417 行.
NOTIC: [8] Undefined index: uid D:\WWW\first\Application\Runtime\Cache\Admin\703e8e118d3c15ea234387b8e74934c8.php 第 426 行.
NOTIC: [8] Undefined variable: val D:\WWW\first\Application\Runtime\Cache\Admin\703e8e118d3c15ea234387b8e74934c8.php 第 405 行.
NOTIC: [8] Undefined index: last_login_time D:\WWW\first\Application\Runtime\Cache\Admin\703e8e118d3c15ea234387b8e74934c8.php 第 417 行.
NOTIC: [8] Undefined index: uid D:\WWW\first\Application\Runtime\Cache\Admin\703e8e118d3c15ea234387b8e74934c8.php 第 426 行.
NOTIC: [8] Undefined variable: val D:\WWW\first\Application\Runtime\Cache\Admin\703e8e118d3c15ea234387b8e74934c8.php 第 405 行.
NOTIC: [8] Undefined index: last_login_time D:\WWW\first\Application\Runtime\Cache\Admin\703e8e118d3c15ea234387b8e74934c8.php 第 417 行.
NOTIC: [8] Undefined index: uid D:\WWW\first\Application\Runtime\Cache\Admin\703e8e118d3c15ea234387b8e74934c8.php 第 426 行.
NOTIC: [8] Undefined variable: val D:\WWW\first\Application\Runtime\Cache\Admin\703e8e118d3c15ea234387b8e74934c8.php 第 405 行.
NOTIC: [8] Undefined index: last_login_time D:\WWW\first\Application\Runtime\Cache\Admin\703e8e118d3c15ea234387b8e74934c8.php 第 417 行.
NOTIC: [8] Undefined index: uid D:\WWW\first\Application\Runtime\Cache\Admin\703e8e118d3c15ea234387b8e74934c8.php 第 426 行.
NOTIC: [8] Undefined variable: val D:\WWW\first\Application\Runtime\Cache\Admin\703e8e118d3c15ea234387b8e74934c8.php 第 405 行.
NOTIC: [8] Undefined index: last_login_time D:\WWW\first\Application\Runtime\Cache\Admin\703e8e118d3c15ea234387b8e74934c8.php 第 417 行.
NOTIC: [8] Undefined index: uid D:\WWW\first\Application\Runtime\Cache\Admin\703e8e118d3c15ea234387b8e74934c8.php 第 426 行.
NOTIC: [8] Undefined variable: val D:\WWW\first\Application\Runtime\Cache\Admin\703e8e118d3c15ea234387b8e74934c8.php 第 405 行.
NOTIC: [8] Undefined index: last_login_time D:\WWW\first\Application\Runtime\Cache\Admin\703e8e118d3c15ea234387b8e74934c8.php 第 417 行.
NOTIC: [8] Undefined index: uid D:\WWW\first\Application\Runtime\Cache\Admin\703e8e118d3c15ea234387b8e74934c8.php 第 426 行.
NOTIC: [8] Undefined variable: val D:\WWW\first\Application\Runtime\Cache\Admin\703e8e118d3c15ea234387b8e74934c8.php 第 405 行.
NOTIC: [8] Undefined index: last_login_time D:\WWW\first\Application\Runtime\Cache\Admin\703e8e118d3c15ea234387b8e74934c8.php 第 417 行.
NOTIC: [8] Undefined index: uid D:\WWW\first\Application\Runtime\Cache\Admin\703e8e118d3c15ea234387b8e74934c8.php 第 426 行.
NOTIC: [8] Undefined variable: val D:\WWW\first\Application\Runtime\Cache\Admin\703e8e118d3c15ea234387b8e74934c8.php 第 405 行.
NOTIC: [8] Undefined index: last_login_time D:\WWW\first\Application\Runtime\Cache\Admin\703e8e118d3c15ea234387b8e74934c8.php 第 417 行.
NOTIC: [8] Undefined index: uid D:\WWW\first\Application\Runtime\Cache\Admin\703e8e118d3c15ea234387b8e74934c8.php 第 426 行.
NOTIC: [8] Undefined variable: val D:\WWW\first\Application\Runtime\Cache\Admin\703e8e118d3c15ea234387b8e74934c8.php 第 405 行.
NOTIC: [8] Undefined index: last_login_time D:\WWW\first\Application\Runtime\Cache\Admin\703e8e118d3c15ea234387b8e74934c8.php 第 417 行.
NOTIC: [8] Undefined index: uid D:\WWW\first\Application\Runtime\Cache\Admin\703e8e118d3c15ea234387b8e74934c8.php 第 426 行.
NOTIC: [8] Undefined variable: val D:\WWW\first\Application\Runtime\Cache\Admin\703e8e118d3c15ea234387b8e74934c8.php 第 405 行.
NOTIC: [8] Undefined index: last_login_time D:\WWW\first\Application\Runtime\Cache\Admin\703e8e118d3c15ea234387b8e74934c8.php 第 417 行.
NOTIC: [8] Undefined index: uid D:\WWW\first\Application\Runtime\Cache\Admin\703e8e118d3c15ea234387b8e74934c8.php 第 426 行.
NOTIC: [8] Undefined variable: val D:\WWW\first\Application\Runtime\Cache\Admin\703e8e118d3c15ea234387b8e74934c8.php 第 405 行.
NOTIC: [8] Undefined index: last_login_time D:\WWW\first\Application\Runtime\Cache\Admin\703e8e118d3c15ea234387b8e74934c8.php 第 417 行.
NOTIC: [8] Undefined index: uid D:\WWW\first\Application\Runtime\Cache\Admin\703e8e118d3c15ea234387b8e74934c8.php 第 426 行.
NOTIC: [8] Undefined variable: val D:\WWW\first\Application\Runtime\Cache\Admin\703e8e118d3c15ea234387b8e74934c8.php 第 405 行.
NOTIC: [8] Undefined index: last_login_time D:\WWW\first\Application\Runtime\Cache\Admin\703e8e118d3c15ea234387b8e74934c8.php 第 417 行.
NOTIC: [8] Undefined index: uid D:\WWW\first\Application\Runtime\Cache\Admin\703e8e118d3c15ea234387b8e74934c8.php 第 426 行.
NOTIC: [8] Undefined variable: val D:\WWW\first\Application\Runtime\Cache\Admin\703e8e118d3c15ea234387b8e74934c8.php 第 405 行.
NOTIC: [8] Undefined index: last_login_time D:\WWW\first\Application\Runtime\Cache\Admin\703e8e118d3c15ea234387b8e74934c8.php 第 417 行.
NOTIC: [8] Undefined index: uid D:\WWW\first\Application\Runtime\Cache\Admin\703e8e118d3c15ea234387b8e74934c8.php 第 426 行.
NOTIC: [8] Undefined variable: val D:\WWW\first\Application\Runtime\Cache\Admin\703e8e118d3c15ea234387b8e74934c8.php 第 405 行.
NOTIC: [8] Undefined index: last_login_time D:\WWW\first\Application\Runtime\Cache\Admin\703e8e118d3c15ea234387b8e74934c8.php 第 417 行.
NOTIC: [8] Undefined index: uid D:\WWW\first\Application\Runtime\Cache\Admin\703e8e118d3c15ea234387b8e74934c8.php 第 426 行.
NOTIC: [8] Undefined variable: val D:\WWW\first\Application\Runtime\Cache\Admin\703e8e118d3c15ea234387b8e74934c8.php 第 405 行.
NOTIC: [8] Undefined index: last_login_time D:\WWW\first\Application\Runtime\Cache\Admin\703e8e118d3c15ea234387b8e74934c8.php 第 417 行.
NOTIC: [8] Undefined index: uid D:\WWW\first\Application\Runtime\Cache\Admin\703e8e118d3c15ea234387b8e74934c8.php 第 426 行.
NOTIC: [8] Undefined variable: val D:\WWW\first\Application\Runtime\Cache\Admin\703e8e118d3c15ea234387b8e74934c8.php 第 405 行.
NOTIC: [8] Undefined index: last_login_time D:\WWW\first\Application\Runtime\Cache\Admin\703e8e118d3c15ea234387b8e74934c8.php 第 417 行.
NOTIC: [8] Undefined index: uid D:\WWW\first\Application\Runtime\Cache\Admin\703e8e118d3c15ea234387b8e74934c8.php 第 426 行.
NOTIC: [8] Undefined variable: val D:\WWW\first\Application\Runtime\Cache\Admin\703e8e118d3c15ea234387b8e74934c8.php 第 405 行.
NOTIC: [8] Undefined index: last_login_time D:\WWW\first\Application\Runtime\Cache\Admin\703e8e118d3c15ea234387b8e74934c8.php 第 417 行.
NOTIC: [8] Undefined index: uid D:\WWW\first\Application\Runtime\Cache\Admin\703e8e118d3c15ea234387b8e74934c8.php 第 426 行.
NOTIC: [8] Undefined variable: val D:\WWW\first\Application\Runtime\Cache\Admin\703e8e118d3c15ea234387b8e74934c8.php 第 405 行.
NOTIC: [8] Undefined index: last_login_time D:\WWW\first\Application\Runtime\Cache\Admin\703e8e118d3c15ea234387b8e74934c8.php 第 417 行.
NOTIC: [8] Undefined index: uid D:\WWW\first\Application\Runtime\Cache\Admin\703e8e118d3c15ea234387b8e74934c8.php 第 426 行.
NOTIC: [8] Undefined variable: val D:\WWW\first\Application\Runtime\Cache\Admin\703e8e118d3c15ea234387b8e74934c8.php 第 405 行.
NOTIC: [8] Undefined index: last_login_time D:\WWW\first\Application\Runtime\Cache\Admin\703e8e118d3c15ea234387b8e74934c8.php 第 417 行.
NOTIC: [8] Undefined index: uid D:\WWW\first\Application\Runtime\Cache\Admin\703e8e118d3c15ea234387b8e74934c8.php 第 426 行.
NOTIC: [8] Undefined variable: val D:\WWW\first\Application\Runtime\Cache\Admin\703e8e118d3c15ea234387b8e74934c8.php 第 405 行.
NOTIC: [8] Undefined index: last_login_time D:\WWW\first\Application\Runtime\Cache\Admin\703e8e118d3c15ea234387b8e74934c8.php 第 417 行.
NOTIC: [8] Undefined index: uid D:\WWW\first\Application\Runtime\Cache\Admin\703e8e118d3c15ea234387b8e74934c8.php 第 426 行.
NOTIC: [8] Undefined variable: val D:\WWW\first\Application\Runtime\Cache\Admin\703e8e118d3c15ea234387b8e74934c8.php 第 405 行.
NOTIC: [8] Undefined index: last_login_time D:\WWW\first\Application\Runtime\Cache\Admin\703e8e118d3c15ea234387b8e74934c8.php 第 417 行.
NOTIC: [8] Undefined index: uid D:\WWW\first\Application\Runtime\Cache\Admin\703e8e118d3c15ea234387b8e74934c8.php 第 426 行.
NOTIC: [8] Undefined variable: val D:\WWW\first\Application\Runtime\Cache\Admin\703e8e118d3c15ea234387b8e74934c8.php 第 405 行.
NOTIC: [8] Undefined index: last_login_time D:\WWW\first\Application\Runtime\Cache\Admin\703e8e118d3c15ea234387b8e74934c8.php 第 417 行.
NOTIC: [8] Undefined index: uid D:\WWW\first\Application\Runtime\Cache\Admin\703e8e118d3c15ea234387b8e74934c8.php 第 426 行.
NOTIC: [8] Undefined variable: val D:\WWW\first\Application\Runtime\Cache\Admin\703e8e118d3c15ea234387b8e74934c8.php 第 405 行.
NOTIC: [8] Undefined index: last_login_time D:\WWW\first\Application\Runtime\Cache\Admin\703e8e118d3c15ea234387b8e74934c8.php 第 417 行.
NOTIC: [8] Undefined index: uid D:\WWW\first\Application\Runtime\Cache\Admin\703e8e118d3c15ea234387b8e74934c8.php 第 426 行.
NOTIC: [8] Undefined variable: val D:\WWW\first\Application\Runtime\Cache\Admin\703e8e118d3c15ea234387b8e74934c8.php 第 405 行.
NOTIC: [8] Undefined index: last_login_time D:\WWW\first\Application\Runtime\Cache\Admin\703e8e118d3c15ea234387b8e74934c8.php 第 417 行.
NOTIC: [8] Undefined index: uid D:\WWW\first\Application\Runtime\Cache\Admin\703e8e118d3c15ea234387b8e74934c8.php 第 426 行.
NOTIC: [8] Undefined variable: val D:\WWW\first\Application\Runtime\Cache\Admin\703e8e118d3c15ea234387b8e74934c8.php 第 405 行.
NOTIC: [8] Undefined index: last_login_time D:\WWW\first\Application\Runtime\Cache\Admin\703e8e118d3c15ea234387b8e74934c8.php 第 417 行.
NOTIC: [8] Undefined index: uid D:\WWW\first\Application\Runtime\Cache\Admin\703e8e118d3c15ea234387b8e74934c8.php 第 426 行.
NOTIC: [8] Undefined variable: val D:\WWW\first\Application\Runtime\Cache\Admin\703e8e118d3c15ea234387b8e74934c8.php 第 405 行.
NOTIC: [8] Undefined index: last_login_time D:\WWW\first\Application\Runtime\Cache\Admin\703e8e118d3c15ea234387b8e74934c8.php 第 417 行.
NOTIC: [8] Undefined index: uid D:\WWW\first\Application\Runtime\Cache\Admin\703e8e118d3c15ea234387b8e74934c8.php 第 426 行.
NOTIC: [8] Undefined variable: val D:\WWW\first\Application\Runtime\Cache\Admin\703e8e118d3c15ea234387b8e74934c8.php 第 405 行.
NOTIC: [8] Undefined index: last_login_time D:\WWW\first\Application\Runtime\Cache\Admin\703e8e118d3c15ea234387b8e74934c8.php 第 417 行.
NOTIC: [8] Undefined index: uid D:\WWW\first\Application\Runtime\Cache\Admin\703e8e118d3c15ea234387b8e74934c8.php 第 426 行.
NOTIC: [8] Undefined variable: val D:\WWW\first\Application\Runtime\Cache\Admin\703e8e118d3c15ea234387b8e74934c8.php 第 405 行.
NOTIC: [8] Undefined index: last_login_time D:\WWW\first\Application\Runtime\Cache\Admin\703e8e118d3c15ea234387b8e74934c8.php 第 417 行.
NOTIC: [8] Undefined index: uid D:\WWW\first\Application\Runtime\Cache\Admin\703e8e118d3c15ea234387b8e74934c8.php 第 426 行.
NOTIC: [8] Undefined variable: val D:\WWW\first\Application\Runtime\Cache\Admin\703e8e118d3c15ea234387b8e74934c8.php 第 405 行.
NOTIC: [8] Undefined index: last_login_time D:\WWW\first\Application\Runtime\Cache\Admin\703e8e118d3c15ea234387b8e74934c8.php 第 417 行.
NOTIC: [8] Undefined index: uid D:\WWW\first\Application\Runtime\Cache\Admin\703e8e118d3c15ea234387b8e74934c8.php 第 426 行.
NOTIC: [8] Undefined variable: val D:\WWW\first\Application\Runtime\Cache\Admin\703e8e118d3c15ea234387b8e74934c8.php 第 405 行.
NOTIC: [8] Undefined index: last_login_time D:\WWW\first\Application\Runtime\Cache\Admin\703e8e118d3c15ea234387b8e74934c8.php 第 417 行.
NOTIC: [8] Undefined index: uid D:\WWW\first\Application\Runtime\Cache\Admin\703e8e118d3c15ea234387b8e74934c8.php 第 426 行.
NOTIC: [8] Undefined variable: val D:\WWW\first\Application\Runtime\Cache\Admin\703e8e118d3c15ea234387b8e74934c8.php 第 405 行.
NOTIC: [8] Undefined index: last_login_time D:\WWW\first\Application\Runtime\Cache\Admin\703e8e118d3c15ea234387b8e74934c8.php 第 417 行.
NOTIC: [8] Undefined index: uid D:\WWW\first\Application\Runtime\Cache\Admin\703e8e118d3c15ea234387b8e74934c8.php 第 426 行.
NOTIC: [8] Undefined variable: val D:\WWW\first\Application\Runtime\Cache\Admin\703e8e118d3c15ea234387b8e74934c8.php 第 405 行.
NOTIC: [8] Undefined index: last_login_time D:\WWW\first\Application\Runtime\Cache\Admin\703e8e118d3c15ea234387b8e74934c8.php 第 417 行.
NOTIC: [8] Undefined index: uid D:\WWW\first\Application\Runtime\Cache\Admin\703e8e118d3c15ea234387b8e74934c8.php 第 426 行.
NOTIC: [8] Undefined variable: val D:\WWW\first\Application\Runtime\Cache\Admin\703e8e118d3c15ea234387b8e74934c8.php 第 405 行.
NOTIC: [8] Undefined index: last_login_time D:\WWW\first\Application\Runtime\Cache\Admin\703e8e118d3c15ea234387b8e74934c8.php 第 417 行.
NOTIC: [8] Undefined index: uid D:\WWW\first\Application\Runtime\Cache\Admin\703e8e118d3c15ea234387b8e74934c8.php 第 426 行.
NOTIC: [8] Undefined variable: val D:\WWW\first\Application\Runtime\Cache\Admin\703e8e118d3c15ea234387b8e74934c8.php 第 405 行.
NOTIC: [8] Undefined index: last_login_time D:\WWW\first\Application\Runtime\Cache\Admin\703e8e118d3c15ea234387b8e74934c8.php 第 417 行.
NOTIC: [8] Undefined index: uid D:\WWW\first\Application\Runtime\Cache\Admin\703e8e118d3c15ea234387b8e74934c8.php 第 426 行.
NOTIC: [8] Undefined variable: val D:\WWW\first\Application\Runtime\Cache\Admin\703e8e118d3c15ea234387b8e74934c8.php 第 405 行.
NOTIC: [8] Undefined index: last_login_time D:\WWW\first\Application\Runtime\Cache\Admin\703e8e118d3c15ea234387b8e74934c8.php 第 417 行.
NOTIC: [8] Undefined index: uid D:\WWW\first\Application\Runtime\Cache\Admin\703e8e118d3c15ea234387b8e74934c8.php 第 426 行.
NOTIC: [8] Undefined variable: val D:\WWW\first\Application\Runtime\Cache\Admin\703e8e118d3c15ea234387b8e74934c8.php 第 405 行.
NOTIC: [8] Undefined index: last_login_time D:\WWW\first\Application\Runtime\Cache\Admin\703e8e118d3c15ea234387b8e74934c8.php 第 417 行.
NOTIC: [8] Undefined index: uid D:\WWW\first\Application\Runtime\Cache\Admin\703e8e118d3c15ea234387b8e74934c8.php 第 426 行.
NOTIC: [8] Undefined variable: val D:\WWW\first\Application\Runtime\Cache\Admin\703e8e118d3c15ea234387b8e74934c8.php 第 405 行.
NOTIC: [8] Undefined index: last_login_time D:\WWW\first\Application\Runtime\Cache\Admin\703e8e118d3c15ea234387b8e74934c8.php 第 417 行.
NOTIC: [8] Undefined index: uid D:\WWW\first\Application\Runtime\Cache\Admin\703e8e118d3c15ea234387b8e74934c8.php 第 426 行.
NOTIC: [8] Undefined variable: val D:\WWW\first\Application\Runtime\Cache\Admin\703e8e118d3c15ea234387b8e74934c8.php 第 405 行.
NOTIC: [8] Undefined index: last_login_time D:\WWW\first\Application\Runtime\Cache\Admin\703e8e118d3c15ea234387b8e74934c8.php 第 417 行.
NOTIC: [8] Undefined index: uid D:\WWW\first\Application\Runtime\Cache\Admin\703e8e118d3c15ea234387b8e74934c8.php 第 426 行.
NOTIC: [8] Undefined variable: val D:\WWW\first\Application\Runtime\Cache\Admin\703e8e118d3c15ea234387b8e74934c8.php 第 405 行.
NOTIC: [8] Undefined index: last_login_time D:\WWW\first\Application\Runtime\Cache\Admin\703e8e118d3c15ea234387b8e74934c8.php 第 417 行.
NOTIC: [8] Undefined index: uid D:\WWW\first\Application\Runtime\Cache\Admin\703e8e118d3c15ea234387b8e74934c8.php 第 426 行.
NOTIC: [8] Undefined variable: val D:\WWW\first\Application\Runtime\Cache\Admin\703e8e118d3c15ea234387b8e74934c8.php 第 405 行.
NOTIC: [8] Undefined index: last_login_time D:\WWW\first\Application\Runtime\Cache\Admin\703e8e118d3c15ea234387b8e74934c8.php 第 417 行.
NOTIC: [8] Undefined index: uid D:\WWW\first\Application\Runtime\Cache\Admin\703e8e118d3c15ea234387b8e74934c8.php 第 426 行.
NOTIC: [8] Undefined variable: val D:\WWW\first\Application\Runtime\Cache\Admin\703e8e118d3c15ea234387b8e74934c8.php 第 405 行.
NOTIC: [8] Undefined index: last_login_time D:\WWW\first\Application\Runtime\Cache\Admin\703e8e118d3c15ea234387b8e74934c8.php 第 417 行.
NOTIC: [8] Undefined index: uid D:\WWW\first\Application\Runtime\Cache\Admin\703e8e118d3c15ea234387b8e74934c8.php 第 426 行.
NOTIC: [8] Undefined variable: val D:\WWW\first\Application\Runtime\Cache\Admin\703e8e118d3c15ea234387b8e74934c8.php 第 405 行.
NOTIC: [8] Undefined index: last_login_time D:\WWW\first\Application\Runtime\Cache\Admin\703e8e118d3c15ea234387b8e74934c8.php 第 417 行.
NOTIC: [8] Undefined index: uid D:\WWW\first\Application\Runtime\Cache\Admin\703e8e118d3c15ea234387b8e74934c8.php 第 426 行.
NOTIC: [8] Undefined variable: val D:\WWW\first\Application\Runtime\Cache\Admin\703e8e118d3c15ea234387b8e74934c8.php 第 405 行.
NOTIC: [8] Undefined index: last_login_time D:\WWW\first\Application\Runtime\Cache\Admin\703e8e118d3c15ea234387b8e74934c8.php 第 417 行.
NOTIC: [8] Undefined index: uid D:\WWW\first\Application\Runtime\Cache\Admin\703e8e118d3c15ea234387b8e74934c8.php 第 426 行.
NOTIC: [8] Undefined variable: val D:\WWW\first\Application\Runtime\Cache\Admin\703e8e118d3c15ea234387b8e74934c8.php 第 405 行.
NOTIC: [8] Undefined index: last_login_time D:\WWW\first\Application\Runtime\Cache\Admin\703e8e118d3c15ea234387b8e74934c8.php 第 417 行.
NOTIC: [8] Undefined index: uid D:\WWW\first\Application\Runtime\Cache\Admin\703e8e118d3c15ea234387b8e74934c8.php 第 426 行.
NOTIC: [8] Undefined variable: val D:\WWW\first\Application\Runtime\Cache\Admin\703e8e118d3c15ea234387b8e74934c8.php 第 405 行.
NOTIC: [8] Undefined index: last_login_time D:\WWW\first\Application\Runtime\Cache\Admin\703e8e118d3c15ea234387b8e74934c8.php 第 417 行.
NOTIC: [8] Undefined index: uid D:\WWW\first\Application\Runtime\Cache\Admin\703e8e118d3c15ea234387b8e74934c8.php 第 426 行.
NOTIC: [8] Undefined variable: val D:\WWW\first\Application\Runtime\Cache\Admin\703e8e118d3c15ea234387b8e74934c8.php 第 405 行.
NOTIC: [8] Undefined index: last_login_time D:\WWW\first\Application\Runtime\Cache\Admin\703e8e118d3c15ea234387b8e74934c8.php 第 417 行.
NOTIC: [8] Undefined index: uid D:\WWW\first\Application\Runtime\Cache\Admin\703e8e118d3c15ea234387b8e74934c8.php 第 426 行.
NOTIC: [8] Undefined variable: val D:\WWW\first\Application\Runtime\Cache\Admin\703e8e118d3c15ea234387b8e74934c8.php 第 405 行.
NOTIC: [8] Undefined index: last_login_time D:\WWW\first\Application\Runtime\Cache\Admin\703e8e118d3c15ea234387b8e74934c8.php 第 417 行.
NOTIC: [8] Undefined index: uid D:\WWW\first\Application\Runtime\Cache\Admin\703e8e118d3c15ea234387b8e74934c8.php 第 426 行.
NOTIC: [8] Undefined variable: val D:\WWW\first\Application\Runtime\Cache\Admin\703e8e118d3c15ea234387b8e74934c8.php 第 405 行.
NOTIC: [8] Undefined index: last_login_time D:\WWW\first\Application\Runtime\Cache\Admin\703e8e118d3c15ea234387b8e74934c8.php 第 417 行.
NOTIC: [8] Undefined index: uid D:\WWW\first\Application\Runtime\Cache\Admin\703e8e118d3c15ea234387b8e74934c8.php 第 426 行.
NOTIC: [8] Undefined variable: val D:\WWW\first\Application\Runtime\Cache\Admin\703e8e118d3c15ea234387b8e74934c8.php 第 405 行.
NOTIC: [8] Undefined index: last_login_time D:\WWW\first\Application\Runtime\Cache\Admin\703e8e118d3c15ea234387b8e74934c8.php 第 417 行.
NOTIC: [8] Undefined index: uid D:\WWW\first\Application\Runtime\Cache\Admin\703e8e118d3c15ea234387b8e74934c8.php 第 426 行.
NOTIC: [8] Undefined variable: val D:\WWW\first\Application\Runtime\Cache\Admin\703e8e118d3c15ea234387b8e74934c8.php 第 405 行.
NOTIC: [8] Undefined index: last_login_time D:\WWW\first\Application\Runtime\Cache\Admin\703e8e118d3c15ea234387b8e74934c8.php 第 417 行.
NOTIC: [8] Undefined index: uid D:\WWW\first\Application\Runtime\Cache\Admin\703e8e118d3c15ea234387b8e74934c8.php 第 426 行.
NOTIC: [8] Undefined variable: val D:\WWW\first\Application\Runtime\Cache\Admin\703e8e118d3c15ea234387b8e74934c8.php 第 405 行.
NOTIC: [8] Undefined index: last_login_time D:\WWW\first\Application\Runtime\Cache\Admin\703e8e118d3c15ea234387b8e74934c8.php 第 417 行.
NOTIC: [8] Undefined index: uid D:\WWW\first\Application\Runtime\Cache\Admin\703e8e118d3c15ea234387b8e74934c8.php 第 426 行.
NOTIC: [8] Undefined variable: val D:\WWW\first\Application\Runtime\Cache\Admin\703e8e118d3c15ea234387b8e74934c8.php 第 405 行.
NOTIC: [8] Undefined index: last_login_time D:\WWW\first\Application\Runtime\Cache\Admin\703e8e118d3c15ea234387b8e74934c8.php 第 417 行.
NOTIC: [8] Undefined index: uid D:\WWW\first\Application\Runtime\Cache\Admin\703e8e118d3c15ea234387b8e74934c8.php 第 426 行.
NOTIC: [8] Undefined variable: val D:\WWW\first\Application\Runtime\Cache\Admin\703e8e118d3c15ea234387b8e74934c8.php 第 405 行.
NOTIC: [8] Undefined index: last_login_time D:\WWW\first\Application\Runtime\Cache\Admin\703e8e118d3c15ea234387b8e74934c8.php 第 417 行.
NOTIC: [8] Undefined index: uid D:\WWW\first\Application\Runtime\Cache\Admin\703e8e118d3c15ea234387b8e74934c8.php 第 426 行.
NOTIC: [8] Undefined variable: val D:\WWW\first\Application\Runtime\Cache\Admin\703e8e118d3c15ea234387b8e74934c8.php 第 405 行.
NOTIC: [8] Undefined index: last_login_time D:\WWW\first\Application\Runtime\Cache\Admin\703e8e118d3c15ea234387b8e74934c8.php 第 417 行.
NOTIC: [8] Undefined index: uid D:\WWW\first\Application\Runtime\Cache\Admin\703e8e118d3c15ea234387b8e74934c8.php 第 426 行.
NOTIC: [8] Undefined variable: val D:\WWW\first\Application\Runtime\Cache\Admin\703e8e118d3c15ea234387b8e74934c8.php 第 405 行.
NOTIC: [8] Undefined index: last_login_time D:\WWW\first\Application\Runtime\Cache\Admin\703e8e118d3c15ea234387b8e74934c8.php 第 417 行.
NOTIC: [8] Undefined index: uid D:\WWW\first\Application\Runtime\Cache\Admin\703e8e118d3c15ea234387b8e74934c8.php 第 426 行.
NOTIC: [8] Undefined variable: val D:\WWW\first\Application\Runtime\Cache\Admin\703e8e118d3c15ea234387b8e74934c8.php 第 405 行.
NOTIC: [8] Undefined index: last_login_time D:\WWW\first\Application\Runtime\Cache\Admin\703e8e118d3c15ea234387b8e74934c8.php 第 417 行.
NOTIC: [8] Undefined index: uid D:\WWW\first\Application\Runtime\Cache\Admin\703e8e118d3c15ea234387b8e74934c8.php 第 426 行.
NOTIC: [8] Undefined variable: val D:\WWW\first\Application\Runtime\Cache\Admin\703e8e118d3c15ea234387b8e74934c8.php 第 405 行.
NOTIC: [8] Undefined index: last_login_time D:\WWW\first\Application\Runtime\Cache\Admin\703e8e118d3c15ea234387b8e74934c8.php 第 417 行.
NOTIC: [8] Undefined index: uid D:\WWW\first\Application\Runtime\Cache\Admin\703e8e118d3c15ea234387b8e74934c8.php 第 426 行.
NOTIC: [8] Undefined variable: val D:\WWW\first\Application\Runtime\Cache\Admin\703e8e118d3c15ea234387b8e74934c8.php 第 405 行.
NOTIC: [8] Undefined index: last_login_time D:\WWW\first\Application\Runtime\Cache\Admin\703e8e118d3c15ea234387b8e74934c8.php 第 417 行.
NOTIC: [8] Undefined index: uid D:\WWW\first\Application\Runtime\Cache\Admin\703e8e118d3c15ea234387b8e74934c8.php 第 426 行.
NOTIC: [8] Undefined variable: val D:\WWW\first\Application\Runtime\Cache\Admin\703e8e118d3c15ea234387b8e74934c8.php 第 405 行.
NOTIC: [8] Undefined index: last_login_time D:\WWW\first\Application\Runtime\Cache\Admin\703e8e118d3c15ea234387b8e74934c8.php 第 417 行.
NOTIC: [8] Undefined index: uid D:\WWW\first\Application\Runtime\Cache\Admin\703e8e118d3c15ea234387b8e74934c8.php 第 426 行.
NOTIC: [8] Undefined variable: val D:\WWW\first\Application\Runtime\Cache\Admin\703e8e118d3c15ea234387b8e74934c8.php 第 405 行.
NOTIC: [8] Undefined index: last_login_time D:\WWW\first\Application\Runtime\Cache\Admin\703e8e118d3c15ea234387b8e74934c8.php 第 417 行.
NOTIC: [8] Undefined index: uid D:\WWW\first\Application\Runtime\Cache\Admin\703e8e118d3c15ea234387b8e74934c8.php 第 426 行.
NOTIC: [8] Undefined variable: val D:\WWW\first\Application\Runtime\Cache\Admin\703e8e118d3c15ea234387b8e74934c8.php 第 405 行.
NOTIC: [8] Undefined index: last_login_time D:\WWW\first\Application\Runtime\Cache\Admin\703e8e118d3c15ea234387b8e74934c8.php 第 417 行.
NOTIC: [8] Undefined index: uid D:\WWW\first\Application\Runtime\Cache\Admin\703e8e118d3c15ea234387b8e74934c8.php 第 426 行.
NOTIC: [8] Undefined variable: val D:\WWW\first\Application\Runtime\Cache\Admin\703e8e118d3c15ea234387b8e74934c8.php 第 405 行.
NOTIC: [8] Undefined index: last_login_time D:\WWW\first\Application\Runtime\Cache\Admin\703e8e118d3c15ea234387b8e74934c8.php 第 417 行.
NOTIC: [8] Undefined index: uid D:\WWW\first\Application\Runtime\Cache\Admin\703e8e118d3c15ea234387b8e74934c8.php 第 426 行.
NOTIC: [8] Undefined variable: val D:\WWW\first\Application\Runtime\Cache\Admin\703e8e118d3c15ea234387b8e74934c8.php 第 405 行.
NOTIC: [8] Undefined index: last_login_time D:\WWW\first\Application\Runtime\Cache\Admin\703e8e118d3c15ea234387b8e74934c8.php 第 417 行.
NOTIC: [8] Undefined index: uid D:\WWW\first\Application\Runtime\Cache\Admin\703e8e118d3c15ea234387b8e74934c8.php 第 426 行.
NOTIC: [8] Undefined variable: val D:\WWW\first\Application\Runtime\Cache\Admin\703e8e118d3c15ea234387b8e74934c8.php 第 405 行.
NOTIC: [8] Undefined index: last_login_time D:\WWW\first\Application\Runtime\Cache\Admin\703e8e118d3c15ea234387b8e74934c8.php 第 417 行.
NOTIC: [8] Undefined index: uid D:\WWW\first\Application\Runtime\Cache\Admin\703e8e118d3c15ea234387b8e74934c8.php 第 426 行.
NOTIC: [8] Undefined variable: val D:\WWW\first\Application\Runtime\Cache\Admin\703e8e118d3c15ea234387b8e74934c8.php 第 405 行.
NOTIC: [8] Undefined index: last_login_time D:\WWW\first\Application\Runtime\Cache\Admin\703e8e118d3c15ea234387b8e74934c8.php 第 417 行.
NOTIC: [8] Undefined index: uid D:\WWW\first\Application\Runtime\Cache\Admin\703e8e118d3c15ea234387b8e74934c8.php 第 426 行.
NOTIC: [8] Undefined variable: val D:\WWW\first\Application\Runtime\Cache\Admin\703e8e118d3c15ea234387b8e74934c8.php 第 405 行.
NOTIC: [8] Undefined index: last_login_time D:\WWW\first\Application\Runtime\Cache\Admin\703e8e118d3c15ea234387b8e74934c8.php 第 417 行.
NOTIC: [8] Undefined index: uid D:\WWW\first\Application\Runtime\Cache\Admin\703e8e118d3c15ea234387b8e74934c8.php 第 426 行.
NOTIC: [8] Undefined variable: val D:\WWW\first\Application\Runtime\Cache\Admin\703e8e118d3c15ea234387b8e74934c8.php 第 405 行.
NOTIC: [8] Undefined index: last_login_time D:\WWW\first\Application\Runtime\Cache\Admin\703e8e118d3c15ea234387b8e74934c8.php 第 417 行.
NOTIC: [8] Undefined index: uid D:\WWW\first\Application\Runtime\Cache\Admin\703e8e118d3c15ea234387b8e74934c8.php 第 426 行.
NOTIC: [8] Undefined variable: val D:\WWW\first\Application\Runtime\Cache\Admin\703e8e118d3c15ea234387b8e74934c8.php 第 405 行.
NOTIC: [8] Undefined index: last_login_time D:\WWW\first\Application\Runtime\Cache\Admin\703e8e118d3c15ea234387b8e74934c8.php 第 417 行.
NOTIC: [8] Undefined index: uid D:\WWW\first\Application\Runtime\Cache\Admin\703e8e118d3c15ea234387b8e74934c8.php 第 426 行.
NOTIC: [8] Undefined variable: val D:\WWW\first\Application\Runtime\Cache\Admin\703e8e118d3c15ea234387b8e74934c8.php 第 405 行.
NOTIC: [8] Undefined index: last_login_time D:\WWW\first\Application\Runtime\Cache\Admin\703e8e118d3c15ea234387b8e74934c8.php 第 417 行.
NOTIC: [8] Undefined index: uid D:\WWW\first\Application\Runtime\Cache\Admin\703e8e118d3c15ea234387b8e74934c8.php 第 426 行.
NOTIC: [8] Undefined variable: val D:\WWW\first\Application\Runtime\Cache\Admin\703e8e118d3c15ea234387b8e74934c8.php 第 405 行.
NOTIC: [8] Undefined index: last_login_time D:\WWW\first\Application\Runtime\Cache\Admin\703e8e118d3c15ea234387b8e74934c8.php 第 417 行.
NOTIC: [8] Undefined index: uid D:\WWW\first\Application\Runtime\Cache\Admin\703e8e118d3c15ea234387b8e74934c8.php 第 426 行.
NOTIC: [8] Undefined variable: val D:\WWW\first\Application\Runtime\Cache\Admin\703e8e118d3c15ea234387b8e74934c8.php 第 405 行.
NOTIC: [8] Undefined index: last_login_time D:\WWW\first\Application\Runtime\Cache\Admin\703e8e118d3c15ea234387b8e74934c8.php 第 417 行.
NOTIC: [8] Undefined index: uid D:\WWW\first\Application\Runtime\Cache\Admin\703e8e118d3c15ea234387b8e74934c8.php 第 426 行.
NOTIC: [8] Undefined variable: val D:\WWW\first\Application\Runtime\Cache\Admin\703e8e118d3c15ea234387b8e74934c8.php 第 405 行.
NOTIC: [8] Undefined index: last_login_time D:\WWW\first\Application\Runtime\Cache\Admin\703e8e118d3c15ea234387b8e74934c8.php 第 417 行.
NOTIC: [8] Undefined index: uid D:\WWW\first\Application\Runtime\Cache\Admin\703e8e118d3c15ea234387b8e74934c8.php 第 426 行.
NOTIC: [8] Undefined variable: val D:\WWW\first\Application\Runtime\Cache\Admin\703e8e118d3c15ea234387b8e74934c8.php 第 405 行.
NOTIC: [8] Undefined index: last_login_time D:\WWW\first\Application\Runtime\Cache\Admin\703e8e118d3c15ea234387b8e74934c8.php 第 417 行.
NOTIC: [8] Undefined index: uid D:\WWW\first\Application\Runtime\Cache\Admin\703e8e118d3c15ea234387b8e74934c8.php 第 426 行.
NOTIC: [8] Undefined variable: val D:\WWW\first\Application\Runtime\Cache\Admin\703e8e118d3c15ea234387b8e74934c8.php 第 405 行.
NOTIC: [8] Undefined index: last_login_time D:\WWW\first\Application\Runtime\Cache\Admin\703e8e118d3c15ea234387b8e74934c8.php 第 417 行.
NOTIC: [8] Undefined index: uid D:\WWW\first\Application\Runtime\Cache\Admin\703e8e118d3c15ea234387b8e74934c8.php 第 426 行.
NOTIC: [8] Undefined variable: val D:\WWW\first\Application\Runtime\Cache\Admin\703e8e118d3c15ea234387b8e74934c8.php 第 405 行.
NOTIC: [8] Undefined index: last_login_time D:\WWW\first\Application\Runtime\Cache\Admin\703e8e118d3c15ea234387b8e74934c8.php 第 417 行.
NOTIC: [8] Undefined index: uid D:\WWW\first\Application\Runtime\Cache\Admin\703e8e118d3c15ea234387b8e74934c8.php 第 426 行.
NOTIC: [8] Undefined variable: val D:\WWW\first\Application\Runtime\Cache\Admin\703e8e118d3c15ea234387b8e74934c8.php 第 405 行.
NOTIC: [8] Undefined index: last_login_time D:\WWW\first\Application\Runtime\Cache\Admin\703e8e118d3c15ea234387b8e74934c8.php 第 417 行.
NOTIC: [8] Undefined index: uid D:\WWW\first\Application\Runtime\Cache\Admin\703e8e118d3c15ea234387b8e74934c8.php 第 426 行.
NOTIC: [8] Undefined variable: val D:\WWW\first\Application\Runtime\Cache\Admin\703e8e118d3c15ea234387b8e74934c8.php 第 405 行.
NOTIC: [8] Undefined index: last_login_time D:\WWW\first\Application\Runtime\Cache\Admin\703e8e118d3c15ea234387b8e74934c8.php 第 417 行.
NOTIC: [8] Undefined index: uid D:\WWW\first\Application\Runtime\Cache\Admin\703e8e118d3c15ea234387b8e74934c8.php 第 426 行.
NOTIC: [8] Undefined variable: val D:\WWW\first\Application\Runtime\Cache\Admin\703e8e118d3c15ea234387b8e74934c8.php 第 405 行.
NOTIC: [8] Undefined index: last_login_time D:\WWW\first\Application\Runtime\Cache\Admin\703e8e118d3c15ea234387b8e74934c8.php 第 417 行.
NOTIC: [8] Undefined index: uid D:\WWW\first\Application\Runtime\Cache\Admin\703e8e118d3c15ea234387b8e74934c8.php 第 426 行.
NOTIC: [8] Undefined variable: val D:\WWW\first\Application\Runtime\Cache\Admin\703e8e118d3c15ea234387b8e74934c8.php 第 405 行.
NOTIC: [8] Undefined index: last_login_time D:\WWW\first\Application\Runtime\Cache\Admin\703e8e118d3c15ea234387b8e74934c8.php 第 417 行.
NOTIC: [8] Undefined index: uid D:\WWW\first\Application\Runtime\Cache\Admin\703e8e118d3c15ea234387b8e74934c8.php 第 426 行.
NOTIC: [8] Undefined variable: val D:\WWW\first\Application\Runtime\Cache\Admin\703e8e118d3c15ea234387b8e74934c8.php 第 405 行.
NOTIC: [8] Undefined index: last_login_time D:\WWW\first\Application\Runtime\Cache\Admin\703e8e118d3c15ea234387b8e74934c8.php 第 417 行.
NOTIC: [8] Undefined index: uid D:\WWW\first\Application\Runtime\Cache\Admin\703e8e118d3c15ea234387b8e74934c8.php 第 426 行.
NOTIC: [8] Undefined variable: val D:\WWW\first\Application\Runtime\Cache\Admin\703e8e118d3c15ea234387b8e74934c8.php 第 405 行.
NOTIC: [8] Undefined index: last_login_time D:\WWW\first\Application\Runtime\Cache\Admin\703e8e118d3c15ea234387b8e74934c8.php 第 417 行.
NOTIC: [8] Undefined index: uid D:\WWW\first\Application\Runtime\Cache\Admin\703e8e118d3c15ea234387b8e74934c8.php 第 426 行.
NOTIC: [8] Undefined variable: val D:\WWW\first\Application\Runtime\Cache\Admin\703e8e118d3c15ea234387b8e74934c8.php 第 405 行.
NOTIC: [8] Undefined index: last_login_time D:\WWW\first\Application\Runtime\Cache\Admin\703e8e118d3c15ea234387b8e74934c8.php 第 417 行.
NOTIC: [8] Undefined index: uid D:\WWW\first\Application\Runtime\Cache\Admin\703e8e118d3c15ea234387b8e74934c8.php 第 426 行.
NOTIC: [8] Undefined variable: val D:\WWW\first\Application\Runtime\Cache\Admin\703e8e118d3c15ea234387b8e74934c8.php 第 405 行.
NOTIC: [8] Undefined index: last_login_time D:\WWW\first\Application\Runtime\Cache\Admin\703e8e118d3c15ea234387b8e74934c8.php 第 417 行.
NOTIC: [8] Undefined index: uid D:\WWW\first\Application\Runtime\Cache\Admin\703e8e118d3c15ea234387b8e74934c8.php 第 426 行.
NOTIC: [8] Undefined variable: val D:\WWW\first\Application\Runtime\Cache\Admin\703e8e118d3c15ea234387b8e74934c8.php 第 405 行.
NOTIC: [8] Undefined index: last_login_time D:\WWW\first\Application\Runtime\Cache\Admin\703e8e118d3c15ea234387b8e74934c8.php 第 417 行.
NOTIC: [8] Undefined index: uid D:\WWW\first\Application\Runtime\Cache\Admin\703e8e118d3c15ea234387b8e74934c8.php 第 426 行.
NOTIC: [8] Undefined variable: val D:\WWW\first\Application\Runtime\Cache\Admin\703e8e118d3c15ea234387b8e74934c8.php 第 405 行.
NOTIC: [8] Undefined index: last_login_time D:\WWW\first\Application\Runtime\Cache\Admin\703e8e118d3c15ea234387b8e74934c8.php 第 417 行.
NOTIC: [8] Undefined index: uid D:\WWW\first\Application\Runtime\Cache\Admin\703e8e118d3c15ea234387b8e74934c8.php 第 426 行.
NOTIC: [8] Undefined variable: val D:\WWW\first\Application\Runtime\Cache\Admin\703e8e118d3c15ea234387b8e74934c8.php 第 405 行.
NOTIC: [8] Undefined index: last_login_time D:\WWW\first\Application\Runtime\Cache\Admin\703e8e118d3c15ea234387b8e74934c8.php 第 417 行.
NOTIC: [8] Undefined index: uid D:\WWW\first\Application\Runtime\Cache\Admin\703e8e118d3c15ea234387b8e74934c8.php 第 426 行.
NOTIC: [8] Undefined variable: val D:\WWW\first\Application\Runtime\Cache\Admin\703e8e118d3c15ea234387b8e74934c8.php 第 405 行.
NOTIC: [8] Undefined index: last_login_time D:\WWW\first\Application\Runtime\Cache\Admin\703e8e118d3c15ea234387b8e74934c8.php 第 417 行.
NOTIC: [8] Undefined index: uid D:\WWW\first\Application\Runtime\Cache\Admin\703e8e118d3c15ea234387b8e74934c8.php 第 426 行.
NOTIC: [8] Undefined variable: val D:\WWW\first\Application\Runtime\Cache\Admin\703e8e118d3c15ea234387b8e74934c8.php 第 405 行.
NOTIC: [8] Undefined index: last_login_time D:\WWW\first\Application\Runtime\Cache\Admin\703e8e118d3c15ea234387b8e74934c8.php 第 417 行.
NOTIC: [8] Undefined index: uid D:\WWW\first\Application\Runtime\Cache\Admin\703e8e118d3c15ea234387b8e74934c8.php 第 426 行.
NOTIC: [8] Undefined variable: val D:\WWW\first\Application\Runtime\Cache\Admin\703e8e118d3c15ea234387b8e74934c8.php 第 405 行.
NOTIC: [8] Undefined index: last_login_time D:\WWW\first\Application\Runtime\Cache\Admin\703e8e118d3c15ea234387b8e74934c8.php 第 417 行.
NOTIC: [8] Undefined index: uid D:\WWW\first\Application\Runtime\Cache\Admin\703e8e118d3c15ea234387b8e74934c8.php 第 426 行.
NOTIC: [8] Undefined variable: val D:\WWW\first\Application\Runtime\Cache\Admin\703e8e118d3c15ea234387b8e74934c8.php 第 405 行.
NOTIC: [8] Undefined index: last_login_time D:\WWW\first\Application\Runtime\Cache\Admin\703e8e118d3c15ea234387b8e74934c8.php 第 417 行.
NOTIC: [8] Undefined index: uid D:\WWW\first\Application\Runtime\Cache\Admin\703e8e118d3c15ea234387b8e74934c8.php 第 426 行.
NOTIC: [8] Undefined variable: val D:\WWW\first\Application\Runtime\Cache\Admin\703e8e118d3c15ea234387b8e74934c8.php 第 405 行.
NOTIC: [8] Undefined index: last_login_time D:\WWW\first\Application\Runtime\Cache\Admin\703e8e118d3c15ea234387b8e74934c8.php 第 417 行.
NOTIC: [8] Undefined index: uid D:\WWW\first\Application\Runtime\Cache\Admin\703e8e118d3c15ea234387b8e74934c8.php 第 426 行.
NOTIC: [8] Undefined variable: val D:\WWW\first\Application\Runtime\Cache\Admin\703e8e118d3c15ea234387b8e74934c8.php 第 405 行.
NOTIC: [8] Undefined index: last_login_time D:\WWW\first\Application\Runtime\Cache\Admin\703e8e118d3c15ea234387b8e74934c8.php 第 417 行.
NOTIC: [8] Undefined index: uid D:\WWW\first\Application\Runtime\Cache\Admin\703e8e118d3c15ea234387b8e74934c8.php 第 426 行.
NOTIC: [8] Undefined variable: val D:\WWW\first\Application\Runtime\Cache\Admin\703e8e118d3c15ea234387b8e74934c8.php 第 405 行.
NOTIC: [8] Undefined index: last_login_time D:\WWW\first\Application\Runtime\Cache\Admin\703e8e118d3c15ea234387b8e74934c8.php 第 417 行.
NOTIC: [8] Undefined index: uid D:\WWW\first\Application\Runtime\Cache\Admin\703e8e118d3c15ea234387b8e74934c8.php 第 426 行.
NOTIC: [8] Undefined variable: val D:\WWW\first\Application\Runtime\Cache\Admin\703e8e118d3c15ea234387b8e74934c8.php 第 405 行.
NOTIC: [8] Undefined index: last_login_time D:\WWW\first\Application\Runtime\Cache\Admin\703e8e118d3c15ea234387b8e74934c8.php 第 417 行.
NOTIC: [8] Undefined index: uid D:\WWW\first\Application\Runtime\Cache\Admin\703e8e118d3c15ea234387b8e74934c8.php 第 426 行.
NOTIC: [8] Undefined variable: val D:\WWW\first\Application\Runtime\Cache\Admin\703e8e118d3c15ea234387b8e74934c8.php 第 405 行.
NOTIC: [8] Undefined index: last_login_time D:\WWW\first\Application\Runtime\Cache\Admin\703e8e118d3c15ea234387b8e74934c8.php 第 417 行.
NOTIC: [8] Undefined index: uid D:\WWW\first\Application\Runtime\Cache\Admin\703e8e118d3c15ea234387b8e74934c8.php 第 426 行.
NOTIC: [8] Undefined variable: val D:\WWW\first\Application\Runtime\Cache\Admin\703e8e118d3c15ea234387b8e74934c8.php 第 405 行.
NOTIC: [8] Undefined index: last_login_time D:\WWW\first\Application\Runtime\Cache\Admin\703e8e118d3c15ea234387b8e74934c8.php 第 417 行.
NOTIC: [8] Undefined index: uid D:\WWW\first\Application\Runtime\Cache\Admin\703e8e118d3c15ea234387b8e74934c8.php 第 426 行.
NOTIC: [8] Undefined variable: val D:\WWW\first\Application\Runtime\Cache\Admin\703e8e118d3c15ea234387b8e74934c8.php 第 405 行.
NOTIC: [8] Undefined index: last_login_time D:\WWW\first\Application\Runtime\Cache\Admin\703e8e118d3c15ea234387b8e74934c8.php 第 417 行.
NOTIC: [8] Undefined index: uid D:\WWW\first\Application\Runtime\Cache\Admin\703e8e118d3c15ea234387b8e74934c8.php 第 426 行.
NOTIC: [8] Undefined variable: val D:\WWW\first\Application\Runtime\Cache\Admin\703e8e118d3c15ea234387b8e74934c8.php 第 405 行.
NOTIC: [8] Undefined index: last_login_time D:\WWW\first\Application\Runtime\Cache\Admin\703e8e118d3c15ea234387b8e74934c8.php 第 417 行.
NOTIC: [8] Undefined index: uid D:\WWW\first\Application\Runtime\Cache\Admin\703e8e118d3c15ea234387b8e74934c8.php 第 426 行.
NOTIC: [8] Undefined variable: val D:\WWW\first\Application\Runtime\Cache\Admin\703e8e118d3c15ea234387b8e74934c8.php 第 405 行.
NOTIC: [8] Undefined index: last_login_time D:\WWW\first\Application\Runtime\Cache\Admin\703e8e118d3c15ea234387b8e74934c8.php 第 417 行.
NOTIC: [8] Undefined index: uid D:\WWW\first\Application\Runtime\Cache\Admin\703e8e118d3c15ea234387b8e74934c8.php 第 426 行.
NOTIC: [8] Undefined variable: val D:\WWW\first\Application\Runtime\Cache\Admin\703e8e118d3c15ea234387b8e74934c8.php 第 405 行.
NOTIC: [8] Undefined index: last_login_time D:\WWW\first\Application\Runtime\Cache\Admin\703e8e118d3c15ea234387b8e74934c8.php 第 417 行.
NOTIC: [8] Undefined index: uid D:\WWW\first\Application\Runtime\Cache\Admin\703e8e118d3c15ea234387b8e74934c8.php 第 426 行.
NOTIC: [8] Undefined variable: val D:\WWW\first\Application\Runtime\Cache\Admin\703e8e118d3c15ea234387b8e74934c8.php 第 405 行.
NOTIC: [8] Undefined index: last_login_time D:\WWW\first\Application\Runtime\Cache\Admin\703e8e118d3c15ea234387b8e74934c8.php 第 417 行.
NOTIC: [8] Undefined index: uid D:\WWW\first\Application\Runtime\Cache\Admin\703e8e118d3c15ea234387b8e74934c8.php 第 426 行.
NOTIC: [8] Undefined variable: val D:\WWW\first\Application\Runtime\Cache\Admin\703e8e118d3c15ea234387b8e74934c8.php 第 405 行.
NOTIC: [8] Undefined index: last_login_time D:\WWW\first\Application\Runtime\Cache\Admin\703e8e118d3c15ea234387b8e74934c8.php 第 417 行.
NOTIC: [8] Undefined index: uid D:\WWW\first\Application\Runtime\Cache\Admin\703e8e118d3c15ea234387b8e74934c8.php 第 426 行.
NOTIC: [8] Undefined variable: val D:\WWW\first\Application\Runtime\Cache\Admin\703e8e118d3c15ea234387b8e74934c8.php 第 405 行.
NOTIC: [8] Undefined index: last_login_time D:\WWW\first\Application\Runtime\Cache\Admin\703e8e118d3c15ea234387b8e74934c8.php 第 417 行.
NOTIC: [8] Undefined index: uid D:\WWW\first\Application\Runtime\Cache\Admin\703e8e118d3c15ea234387b8e74934c8.php 第 426 行.
NOTIC: [8] Undefined variable: val D:\WWW\first\Application\Runtime\Cache\Admin\703e8e118d3c15ea234387b8e74934c8.php 第 405 行.
NOTIC: [8] Undefined index: last_login_time D:\WWW\first\Application\Runtime\Cache\Admin\703e8e118d3c15ea234387b8e74934c8.php 第 417 行.
NOTIC: [8] Undefined index: uid D:\WWW\first\Application\Runtime\Cache\Admin\703e8e118d3c15ea234387b8e74934c8.php 第 426 行.
NOTIC: [8] Undefined variable: val D:\WWW\first\Application\Runtime\Cache\Admin\703e8e118d3c15ea234387b8e74934c8.php 第 405 行.
NOTIC: [8] Undefined index: last_login_time D:\WWW\first\Application\Runtime\Cache\Admin\703e8e118d3c15ea234387b8e74934c8.php 第 417 行.
NOTIC: [8] Undefined index: uid D:\WWW\first\Application\Runtime\Cache\Admin\703e8e118d3c15ea234387b8e74934c8.php 第 426 行.
NOTIC: [8] Undefined variable: val D:\WWW\first\Application\Runtime\Cache\Admin\703e8e118d3c15ea234387b8e74934c8.php 第 405 行.
NOTIC: [8] Undefined index: last_login_time D:\WWW\first\Application\Runtime\Cache\Admin\703e8e118d3c15ea234387b8e74934c8.php 第 417 行.
NOTIC: [8] Undefined index: uid D:\WWW\first\Application\Runtime\Cache\Admin\703e8e118d3c15ea234387b8e74934c8.php 第 426 行.
NOTIC: [8] Undefined variable: val D:\WWW\first\Application\Runtime\Cache\Admin\703e8e118d3c15ea234387b8e74934c8.php 第 405 行.
NOTIC: [8] Undefined index: last_login_time D:\WWW\first\Application\Runtime\Cache\Admin\703e8e118d3c15ea234387b8e74934c8.php 第 417 行.
NOTIC: [8] Undefined index: uid D:\WWW\first\Application\Runtime\Cache\Admin\703e8e118d3c15ea234387b8e74934c8.php 第 426 行.
NOTIC: [8] Undefined variable: val D:\WWW\first\Application\Runtime\Cache\Admin\703e8e118d3c15ea234387b8e74934c8.php 第 405 行.
NOTIC: [8] Undefined index: last_login_time D:\WWW\first\Application\Runtime\Cache\Admin\703e8e118d3c15ea234387b8e74934c8.php 第 417 行.
NOTIC: [8] Undefined index: uid D:\WWW\first\Application\Runtime\Cache\Admin\703e8e118d3c15ea234387b8e74934c8.php 第 426 行.
NOTIC: [8] Undefined variable: val D:\WWW\first\Application\Runtime\Cache\Admin\703e8e118d3c15ea234387b8e74934c8.php 第 405 行.
NOTIC: [8] Undefined index: last_login_time D:\WWW\first\Application\Runtime\Cache\Admin\703e8e118d3c15ea234387b8e74934c8.php 第 417 行.
NOTIC: [8] Undefined index: uid D:\WWW\first\Application\Runtime\Cache\Admin\703e8e118d3c15ea234387b8e74934c8.php 第 426 行.
NOTIC: [8] Undefined variable: val D:\WWW\first\Application\Runtime\Cache\Admin\703e8e118d3c15ea234387b8e74934c8.php 第 405 行.
NOTIC: [8] Undefined index: last_login_time D:\WWW\first\Application\Runtime\Cache\Admin\703e8e118d3c15ea234387b8e74934c8.php 第 417 行.
NOTIC: [8] Undefined index: uid D:\WWW\first\Application\Runtime\Cache\Admin\703e8e118d3c15ea234387b8e74934c8.php 第 426 行.
NOTIC: [8] Undefined variable: val D:\WWW\first\Application\Runtime\Cache\Admin\703e8e118d3c15ea234387b8e74934c8.php 第 405 行.
NOTIC: [8] Undefined index: last_login_time D:\WWW\first\Application\Runtime\Cache\Admin\703e8e118d3c15ea234387b8e74934c8.php 第 417 行.
NOTIC: [8] Undefined index: uid D:\WWW\first\Application\Runtime\Cache\Admin\703e8e118d3c15ea234387b8e74934c8.php 第 426 行.
NOTIC: [8] Undefined variable: val D:\WWW\first\Application\Runtime\Cache\Admin\703e8e118d3c15ea234387b8e74934c8.php 第 405 行.
NOTIC: [8] Undefined index: last_login_time D:\WWW\first\Application\Runtime\Cache\Admin\703e8e118d3c15ea234387b8e74934c8.php 第 417 行.
NOTIC: [8] Undefined index: uid D:\WWW\first\Application\Runtime\Cache\Admin\703e8e118d3c15ea234387b8e74934c8.php 第 426 行.
NOTIC: [8] Undefined variable: val D:\WWW\first\Application\Runtime\Cache\Admin\703e8e118d3c15ea234387b8e74934c8.php 第 405 行.
NOTIC: [8] Undefined index: last_login_time D:\WWW\first\Application\Runtime\Cache\Admin\703e8e118d3c15ea234387b8e74934c8.php 第 417 行.
NOTIC: [8] Undefined index: uid D:\WWW\first\Application\Runtime\Cache\Admin\703e8e118d3c15ea234387b8e74934c8.php 第 426 行.
NOTIC: [8] Undefined variable: val D:\WWW\first\Application\Runtime\Cache\Admin\703e8e118d3c15ea234387b8e74934c8.php 第 405 行.
NOTIC: [8] Undefined index: last_login_time D:\WWW\first\Application\Runtime\Cache\Admin\703e8e118d3c15ea234387b8e74934c8.php 第 417 行.
NOTIC: [8] Undefined index: uid D:\WWW\first\Application\Runtime\Cache\Admin\703e8e118d3c15ea234387b8e74934c8.php 第 426 行.
INFO: Run Behavior\ParseTemplateBehavior [ RunTime:0.047000s ]
INFO: [ view_parse ] --END-- [ RunTime:0.047000s ]
INFO: [ view_filter ] --START--
INFO: Run Behavior\WriteHtmlCacheBehavior [ RunTime:0.000000s ]
INFO: [ view_filter ] --END-- [ RunTime:0.000000s ]
INFO: [ app_end ] --START--
INFO: Run Behavior\ShowPageTraceBehavior [ RunTime:0.001000s ]
INFO: [ app_end ] --END-- [ RunTime:0.001000s ]

[ 2016-05-09T09:44:26+08:00 ] ::1 /first/m.php/Setting/add.html
INFO: [ app_init ] --START--
INFO: Run Behavior\BuildLiteBehavior [ RunTime:0.000000s ]
INFO: [ app_init ] --END-- [ RunTime:0.000000s ]
INFO: [ app_begin ] --START--
INFO: Run Behavior\ReadHtmlCacheBehavior [ RunTime:0.000000s ]
INFO: [ app_begin ] --END-- [ RunTime:0.000000s ]
INFO: [ view_parse ] --START--
INFO: [ template_filter ] --START--
INFO: Run Behavior\ContentReplaceBehavior [ RunTime:0.000000s ]
INFO: [ template_filter ] --END-- [ RunTime:0.000000s ]
NOTIC: [8] Undefined variable: WEB_SITE_TITLE D:\WWW\first\Application\Runtime\Cache\Admin\10e67e1b9c216ad79d3397f9fa5b2c1d.php 第 329 行.
INFO: Run Behavior\ParseTemplateBehavior [ RunTime:0.011000s ]
INFO: [ view_parse ] --END-- [ RunTime:0.011000s ]
INFO: [ view_filter ] --START--
INFO: Run Behavior\WriteHtmlCacheBehavior [ RunTime:0.000000s ]
INFO: [ view_filter ] --END-- [ RunTime:0.000000s ]
INFO: [ app_end ] --START--
INFO: Run Behavior\ShowPageTraceBehavior [ RunTime:0.001000s ]
INFO: [ app_end ] --END-- [ RunTime:0.001000s ]

