[ 2016-04-21T16:21:08+08:00 ] ::1 /first/m.php/
INFO: [ app_init ] --START--
INFO: Run Behavior\BuildLiteBehavior [ RunTime:0.000000s ]
INFO: [ app_init ] --END-- [ RunTime:0.000000s ]
INFO: [ app_begin ] --START--
INFO: Run Behavior\ReadHtmlCacheBehavior [ RunTime:0.000000s ]
INFO: [ app_begin ] --END-- [ RunTime:0.000000s ]
INFO: [ view_parse ] --START--
INFO: [ template_filter ] --START--
INFO: Run Behavior\ContentReplaceBehavior [ RunTime:0.000000s ]
INFO: [ template_filter ] --END-- [ RunTime:0.000000s ]
INFO: Run Behavior\ParseTemplateBehavior [ RunTime:0.010000s ]
INFO: [ view_parse ] --END-- [ RunTime:0.010000s ]
INFO: [ view_filter ] --START--
INFO: Run Behavior\WriteHtmlCacheBehavior [ RunTime:0.000000s ]
INFO: [ view_filter ] --END-- [ RunTime:0.000000s ]
INFO: [ app_end ] --START--
INFO: Run Behavior\ShowPageTraceBehavior [ RunTime:0.001000s ]
INFO: [ app_end ] --END-- [ RunTime:0.001000s ]

[ 2016-04-21T16:21:12+08:00 ] ::1 /first/m.php/member/index.html
INFO: [ app_init ] --START--
INFO: Run Behavior\BuildLiteBehavior [ RunTime:0.000000s ]
INFO: [ app_init ] --END-- [ RunTime:0.000000s ]
INFO: [ app_begin ] --START--
INFO: Run Behavior\ReadHtmlCacheBehavior [ RunTime:0.001000s ]
INFO: [ app_begin ] --END-- [ RunTime:0.001000s ]
SQL: SHOW COLUMNS FROM `anl_member` [ RunTime:0.0080s ]
SQL: SELECT * FROM `anl_member`  [ RunTime:0.0010s ]
INFO: [ view_parse ] --START--
INFO: [ template_filter ] --START--
INFO: Run Behavior\ContentReplaceBehavior [ RunTime:0.000000s ]
INFO: [ template_filter ] --END-- [ RunTime:0.000000s ]
NOTIC: [8] Undefined variable: val D:\WWW\first\Application\Runtime\Cache\Admin\cd4483014f2e11fff8848d4b0b1995b7.php 第 360 行.
NOTIC: [8] Undefined variable: val D:\WWW\first\Application\Runtime\Cache\Admin\cd4483014f2e11fff8848d4b0b1995b7.php 第 360 行.
NOTIC: [8] Undefined variable: val D:\WWW\first\Application\Runtime\Cache\Admin\cd4483014f2e11fff8848d4b0b1995b7.php 第 360 行.
NOTIC: [8] Undefined variable: val D:\WWW\first\Application\Runtime\Cache\Admin\cd4483014f2e11fff8848d4b0b1995b7.php 第 360 行.
NOTIC: [8] Undefined variable: val D:\WWW\first\Application\Runtime\Cache\Admin\cd4483014f2e11fff8848d4b0b1995b7.php 第 360 行.
NOTIC: [8] Undefined variable: val D:\WWW\first\Application\Runtime\Cache\Admin\cd4483014f2e11fff8848d4b0b1995b7.php 第 360 行.
NOTIC: [8] Undefined variable: val D:\WWW\first\Application\Runtime\Cache\Admin\cd4483014f2e11fff8848d4b0b1995b7.php 第 360 行.
NOTIC: [8] Undefined variable: val D:\WWW\first\Application\Runtime\Cache\Admin\cd4483014f2e11fff8848d4b0b1995b7.php 第 360 行.
NOTIC: [8] Undefined variable: val D:\WWW\first\Application\Runtime\Cache\Admin\cd4483014f2e11fff8848d4b0b1995b7.php 第 360 行.
NOTIC: [8] Undefined variable: val D:\WWW\first\Application\Runtime\Cache\Admin\cd4483014f2e11fff8848d4b0b1995b7.php 第 360 行.
NOTIC: [8] Undefined variable: val D:\WWW\first\Application\Runtime\Cache\Admin\cd4483014f2e11fff8848d4b0b1995b7.php 第 360 行.
NOTIC: [8] Undefined variable: val D:\WWW\first\Application\Runtime\Cache\Admin\cd4483014f2e11fff8848d4b0b1995b7.php 第 360 行.
NOTIC: [8] Undefined variable: val D:\WWW\first\Application\Runtime\Cache\Admin\cd4483014f2e11fff8848d4b0b1995b7.php 第 360 行.
NOTIC: [8] Undefined variable: val D:\WWW\first\Application\Runtime\Cache\Admin\cd4483014f2e11fff8848d4b0b1995b7.php 第 360 行.
NOTIC: [8] Undefined variable: val D:\WWW\first\Application\Runtime\Cache\Admin\cd4483014f2e11fff8848d4b0b1995b7.php 第 360 行.
NOTIC: [8] Undefined variable: val D:\WWW\first\Application\Runtime\Cache\Admin\cd4483014f2e11fff8848d4b0b1995b7.php 第 360 行.
NOTIC: [8] Undefined variable: val D:\WWW\first\Application\Runtime\Cache\Admin\cd4483014f2e11fff8848d4b0b1995b7.php 第 360 行.
NOTIC: [8] Undefined variable: val D:\WWW\first\Application\Runtime\Cache\Admin\cd4483014f2e11fff8848d4b0b1995b7.php 第 360 行.
NOTIC: [8] Undefined variable: val D:\WWW\first\Application\Runtime\Cache\Admin\cd4483014f2e11fff8848d4b0b1995b7.php 第 360 行.
NOTIC: [8] Undefined variable: val D:\WWW\first\Application\Runtime\Cache\Admin\cd4483014f2e11fff8848d4b0b1995b7.php 第 360 行.
NOTIC: [8] Undefined variable: val D:\WWW\first\Application\Runtime\Cache\Admin\cd4483014f2e11fff8848d4b0b1995b7.php 第 360 行.
NOTIC: [8] Undefined variable: val D:\WWW\first\Application\Runtime\Cache\Admin\cd4483014f2e11fff8848d4b0b1995b7.php 第 360 行.
NOTIC: [8] Undefined variable: val D:\WWW\first\Application\Runtime\Cache\Admin\cd4483014f2e11fff8848d4b0b1995b7.php 第 360 行.
NOTIC: [8] Undefined variable: val D:\WWW\first\Application\Runtime\Cache\Admin\cd4483014f2e11fff8848d4b0b1995b7.php 第 360 行.
NOTIC: [8] Undefined variable: val D:\WWW\first\Application\Runtime\Cache\Admin\cd4483014f2e11fff8848d4b0b1995b7.php 第 360 行.
NOTIC: [8] Undefined variable: val D:\WWW\first\Application\Runtime\Cache\Admin\cd4483014f2e11fff8848d4b0b1995b7.php 第 360 行.
NOTIC: [8] Undefined variable: val D:\WWW\first\Application\Runtime\Cache\Admin\cd4483014f2e11fff8848d4b0b1995b7.php 第 360 行.
NOTIC: [8] Undefined variable: val D:\WWW\first\Application\Runtime\Cache\Admin\cd4483014f2e11fff8848d4b0b1995b7.php 第 360 行.
NOTIC: [8] Undefined variable: val D:\WWW\first\Application\Runtime\Cache\Admin\cd4483014f2e11fff8848d4b0b1995b7.php 第 360 行.
NOTIC: [8] Undefined variable: val D:\WWW\first\Application\Runtime\Cache\Admin\cd4483014f2e11fff8848d4b0b1995b7.php 第 360 行.
NOTIC: [8] Undefined variable: val D:\WWW\first\Application\Runtime\Cache\Admin\cd4483014f2e11fff8848d4b0b1995b7.php 第 360 行.
NOTIC: [8] Undefined variable: val D:\WWW\first\Application\Runtime\Cache\Admin\cd4483014f2e11fff8848d4b0b1995b7.php 第 360 行.
NOTIC: [8] Undefined variable: val D:\WWW\first\Application\Runtime\Cache\Admin\cd4483014f2e11fff8848d4b0b1995b7.php 第 360 行.
NOTIC: [8] Undefined variable: val D:\WWW\first\Application\Runtime\Cache\Admin\cd4483014f2e11fff8848d4b0b1995b7.php 第 360 行.
NOTIC: [8] Undefined variable: val D:\WWW\first\Application\Runtime\Cache\Admin\cd4483014f2e11fff8848d4b0b1995b7.php 第 360 行.
NOTIC: [8] Undefined variable: val D:\WWW\first\Application\Runtime\Cache\Admin\cd4483014f2e11fff8848d4b0b1995b7.php 第 360 行.
NOTIC: [8] Undefined variable: val D:\WWW\first\Application\Runtime\Cache\Admin\cd4483014f2e11fff8848d4b0b1995b7.php 第 360 行.
INFO: Run Behavior\ParseTemplateBehavior [ RunTime:0.032000s ]
INFO: [ view_parse ] --END-- [ RunTime:0.032000s ]
INFO: [ view_filter ] --START--
INFO: Run Behavior\WriteHtmlCacheBehavior [ RunTime:0.000000s ]
INFO: [ view_filter ] --END-- [ RunTime:0.000000s ]
INFO: [ app_end ] --START--
INFO: Run Behavior\ShowPageTraceBehavior [ RunTime:0.001000s ]
INFO: [ app_end ] --END-- [ RunTime:0.001000s ]

[ 2016-04-21T16:53:43+08:00 ] ::1 /first/m.php/Member/edit.html
INFO: [ app_init ] --START--
INFO: Run Behavior\BuildLiteBehavior [ RunTime:0.000000s ]
INFO: [ app_init ] --END-- [ RunTime:0.001000s ]
INFO: [ app_begin ] --START--
INFO: Run Behavior\ReadHtmlCacheBehavior [ RunTime:0.000000s ]
INFO: [ app_begin ] --END-- [ RunTime:0.001000s ]
SQL: SHOW COLUMNS FROM `anl_member` [ RunTime:0.0100s ]
INFO: [ view_parse ] --START--
INFO: [ template_filter ] --START--
INFO: Run Behavior\ContentReplaceBehavior [ RunTime:0.001000s ]
INFO: [ template_filter ] --END-- [ RunTime:0.001000s ]
NOTIC: [8] Undefined variable: nickname D:\WWW\first\Application\Runtime\Cache\Admin\615a4d9a13eca73e3f56e9489b97f800.php 第 286 行.
NOTIC: [8] Undefined variable: password D:\WWW\first\Application\Runtime\Cache\Admin\615a4d9a13eca73e3f56e9489b97f800.php 第 290 行.
NOTIC: [8] Undefined variable: repassword D:\WWW\first\Application\Runtime\Cache\Admin\615a4d9a13eca73e3f56e9489b97f800.php 第 294 行.
INFO: Run Behavior\ParseTemplateBehavior [ RunTime:0.041000s ]
INFO: [ view_parse ] --END-- [ RunTime:0.041000s ]
INFO: [ view_filter ] --START--
INFO: Run Behavior\WriteHtmlCacheBehavior [ RunTime:0.000000s ]
INFO: [ view_filter ] --END-- [ RunTime:0.000000s ]
INFO: [ app_end ] --START--
INFO: Run Behavior\ShowPageTraceBehavior [ RunTime:0.000000s ]
INFO: [ app_end ] --END-- [ RunTime:0.000000s ]

[ 2016-04-21T16:53:43+08:00 ] ::1 /first/m.php/Member/js/jquery-latest.js
INFO: [ app_init ] --START--
INFO: Run Behavior\BuildLiteBehavior [ RunTime:0.000000s ]
INFO: [ app_init ] --END-- [ RunTime:0.000000s ]
INFO: [ app_begin ] --START--
INFO: Run Behavior\ReadHtmlCacheBehavior [ RunTime:0.001000s ]
INFO: [ app_begin ] --END-- [ RunTime:0.001000s ]
ERR: 非法操作:js

[ 2016-04-21T16:53:43+08:00 ] ::1 /first/m.php/Member/js/jquery-latest.js
INFO: [ app_init ] --START--
INFO: Run Behavior\BuildLiteBehavior [ RunTime:0.000000s ]
INFO: [ app_init ] --END-- [ RunTime:0.001000s ]
INFO: [ app_begin ] --START--
INFO: Run Behavior\ReadHtmlCacheBehavior [ RunTime:0.000000s ]
INFO: [ app_begin ] --END-- [ RunTime:0.000000s ]
ERR: 非法操作:js

[ 2016-04-21T16:53:44+08:00 ] ::1 /first/m.php/Member/js/bootstrap.min.js
INFO: [ app_init ] --START--
INFO: Run Behavior\BuildLiteBehavior [ RunTime:0.000000s ]
INFO: [ app_init ] --END-- [ RunTime:0.000000s ]
INFO: [ app_begin ] --START--
INFO: Run Behavior\ReadHtmlCacheBehavior [ RunTime:0.001000s ]
INFO: [ app_begin ] --END-- [ RunTime:0.001000s ]
ERR: 非法操作:js

[ 2016-04-21T16:53:44+08:00 ] ::1 /first/m.php/Member/js/theme.js
INFO: [ app_init ] --START--
INFO: Run Behavior\BuildLiteBehavior [ RunTime:0.000000s ]
INFO: [ app_init ] --END-- [ RunTime:0.000000s ]
INFO: [ app_begin ] --START--
INFO: Run Behavior\ReadHtmlCacheBehavior [ RunTime:0.001000s ]
INFO: [ app_begin ] --END-- [ RunTime:0.001000s ]
ERR: 非法操作:js

