[ 2016-04-15T09:37:55+08:00 ] ::1 /first/m.php/
INFO: [ app_init ] --START--
INFO: Run Behavior\BuildLiteBehavior [ RunTime:0.000000s ]
INFO: [ app_init ] --END-- [ RunTime:0.001000s ]
INFO: [ app_begin ] --START--
INFO: Run Behavior\ReadHtmlCacheBehavior [ RunTime:0.001000s ]
INFO: [ app_begin ] --END-- [ RunTime:0.001000s ]
INFO: [ view_parse ] --START--
INFO: [ template_filter ] --START--
INFO: Run Behavior\ContentReplaceBehavior [ RunTime:0.000000s ]
INFO: [ template_filter ] --END-- [ RunTime:0.000000s ]
INFO: Run Behavior\ParseTemplateBehavior [ RunTime:0.009000s ]
INFO: [ view_parse ] --END-- [ RunTime:0.009000s ]
INFO: [ view_filter ] --START--
INFO: Run Behavior\WriteHtmlCacheBehavior [ RunTime:0.000000s ]
INFO: [ view_filter ] --END-- [ RunTime:0.001000s ]
INFO: [ app_end ] --START--
INFO: Run Behavior\ShowPageTraceBehavior [ RunTime:0.000000s ]
INFO: [ app_end ] --END-- [ RunTime:0.000000s ]

[ 2016-04-15T09:38:05+08:00 ] ::1 /first/m.php/member/index.html
INFO: [ app_init ] --START--
INFO: Run Behavior\BuildLiteBehavior [ RunTime:0.000000s ]
INFO: [ app_init ] --END-- [ RunTime:0.000000s ]
INFO: [ app_begin ] --START--
INFO: Run Behavior\ReadHtmlCacheBehavior [ RunTime:0.001000s ]
INFO: [ app_begin ] --END-- [ RunTime:0.001000s ]
SQL: SHOW COLUMNS FROM `anl_member` [ RunTime:0.0150s ]
SQL: SELECT * FROM `anl_member`  [ RunTime:0.0020s ]
INFO: [ view_parse ] --START--
INFO: [ template_filter ] --START--
INFO: Run Behavior\ContentReplaceBehavior [ RunTime:0.000000s ]
INFO: [ template_filter ] --END-- [ RunTime:0.000000s ]
NOTIC: [8] Undefined variable: val D:\WWW\first\Application\Runtime\Cache\Admin\cd4483014f2e11fff8848d4b0b1995b7.php 第 360 行.
NOTIC: [8] Undefined variable: val D:\WWW\first\Application\Runtime\Cache\Admin\cd4483014f2e11fff8848d4b0b1995b7.php 第 360 行.
NOTIC: [8] Undefined variable: val D:\WWW\first\Application\Runtime\Cache\Admin\cd4483014f2e11fff8848d4b0b1995b7.php 第 360 行.
NOTIC: [8] Undefined variable: val D:\WWW\first\Application\Runtime\Cache\Admin\cd4483014f2e11fff8848d4b0b1995b7.php 第 360 行.
NOTIC: [8] Undefined variable: val D:\WWW\first\Application\Runtime\Cache\Admin\cd4483014f2e11fff8848d4b0b1995b7.php 第 360 行.
NOTIC: [8] Undefined variable: val D:\WWW\first\Application\Runtime\Cache\Admin\cd4483014f2e11fff8848d4b0b1995b7.php 第 360 行.
NOTIC: [8] Undefined variable: val D:\WWW\first\Application\Runtime\Cache\Admin\cd4483014f2e11fff8848d4b0b1995b7.php 第 360 行.
NOTIC: [8] Undefined variable: val D:\WWW\first\Application\Runtime\Cache\Admin\cd4483014f2e11fff8848d4b0b1995b7.php 第 360 行.
NOTIC: [8] Undefined variable: val D:\WWW\first\Application\Runtime\Cache\Admin\cd4483014f2e11fff8848d4b0b1995b7.php 第 360 行.
NOTIC: [8] Undefined variable: val D:\WWW\first\Application\Runtime\Cache\Admin\cd4483014f2e11fff8848d4b0b1995b7.php 第 360 行.
NOTIC: [8] Undefined variable: val D:\WWW\first\Application\Runtime\Cache\Admin\cd4483014f2e11fff8848d4b0b1995b7.php 第 360 行.
NOTIC: [8] Undefined variable: val D:\WWW\first\Application\Runtime\Cache\Admin\cd4483014f2e11fff8848d4b0b1995b7.php 第 360 行.
NOTIC: [8] Undefined variable: val D:\WWW\first\Application\Runtime\Cache\Admin\cd4483014f2e11fff8848d4b0b1995b7.php 第 360 行.
NOTIC: [8] Undefined variable: val D:\WWW\first\Application\Runtime\Cache\Admin\cd4483014f2e11fff8848d4b0b1995b7.php 第 360 行.
NOTIC: [8] Undefined variable: val D:\WWW\first\Application\Runtime\Cache\Admin\cd4483014f2e11fff8848d4b0b1995b7.php 第 360 行.
NOTIC: [8] Undefined variable: val D:\WWW\first\Application\Runtime\Cache\Admin\cd4483014f2e11fff8848d4b0b1995b7.php 第 360 行.
NOTIC: [8] Undefined variable: val D:\WWW\first\Application\Runtime\Cache\Admin\cd4483014f2e11fff8848d4b0b1995b7.php 第 360 行.
NOTIC: [8] Undefined variable: val D:\WWW\first\Application\Runtime\Cache\Admin\cd4483014f2e11fff8848d4b0b1995b7.php 第 360 行.
NOTIC: [8] Undefined variable: val D:\WWW\first\Application\Runtime\Cache\Admin\cd4483014f2e11fff8848d4b0b1995b7.php 第 360 行.
NOTIC: [8] Undefined variable: val D:\WWW\first\Application\Runtime\Cache\Admin\cd4483014f2e11fff8848d4b0b1995b7.php 第 360 行.
NOTIC: [8] Undefined variable: val D:\WWW\first\Application\Runtime\Cache\Admin\cd4483014f2e11fff8848d4b0b1995b7.php 第 360 行.
NOTIC: [8] Undefined variable: val D:\WWW\first\Application\Runtime\Cache\Admin\cd4483014f2e11fff8848d4b0b1995b7.php 第 360 行.
NOTIC: [8] Undefined variable: val D:\WWW\first\Application\Runtime\Cache\Admin\cd4483014f2e11fff8848d4b0b1995b7.php 第 360 行.
NOTIC: [8] Undefined variable: val D:\WWW\first\Application\Runtime\Cache\Admin\cd4483014f2e11fff8848d4b0b1995b7.php 第 360 行.
NOTIC: [8] Undefined variable: val D:\WWW\first\Application\Runtime\Cache\Admin\cd4483014f2e11fff8848d4b0b1995b7.php 第 360 行.
NOTIC: [8] Undefined variable: val D:\WWW\first\Application\Runtime\Cache\Admin\cd4483014f2e11fff8848d4b0b1995b7.php 第 360 行.
NOTIC: [8] Undefined variable: val D:\WWW\first\Application\Runtime\Cache\Admin\cd4483014f2e11fff8848d4b0b1995b7.php 第 360 行.
NOTIC: [8] Undefined variable: val D:\WWW\first\Application\Runtime\Cache\Admin\cd4483014f2e11fff8848d4b0b1995b7.php 第 360 行.
NOTIC: [8] Undefined variable: val D:\WWW\first\Application\Runtime\Cache\Admin\cd4483014f2e11fff8848d4b0b1995b7.php 第 360 行.
NOTIC: [8] Undefined variable: val D:\WWW\first\Application\Runtime\Cache\Admin\cd4483014f2e11fff8848d4b0b1995b7.php 第 360 行.
NOTIC: [8] Undefined variable: val D:\WWW\first\Application\Runtime\Cache\Admin\cd4483014f2e11fff8848d4b0b1995b7.php 第 360 行.
NOTIC: [8] Undefined variable: val D:\WWW\first\Application\Runtime\Cache\Admin\cd4483014f2e11fff8848d4b0b1995b7.php 第 360 行.
NOTIC: [8] Undefined variable: val D:\WWW\first\Application\Runtime\Cache\Admin\cd4483014f2e11fff8848d4b0b1995b7.php 第 360 行.
NOTIC: [8] Undefined variable: val D:\WWW\first\Application\Runtime\Cache\Admin\cd4483014f2e11fff8848d4b0b1995b7.php 第 360 行.
NOTIC: [8] Undefined variable: val D:\WWW\first\Application\Runtime\Cache\Admin\cd4483014f2e11fff8848d4b0b1995b7.php 第 360 行.
NOTIC: [8] Undefined variable: val D:\WWW\first\Application\Runtime\Cache\Admin\cd4483014f2e11fff8848d4b0b1995b7.php 第 360 行.
NOTIC: [8] Undefined variable: val D:\WWW\first\Application\Runtime\Cache\Admin\cd4483014f2e11fff8848d4b0b1995b7.php 第 360 行.
INFO: Run Behavior\ParseTemplateBehavior [ RunTime:0.032000s ]
INFO: [ view_parse ] --END-- [ RunTime:0.033000s ]
INFO: [ view_filter ] --START--
INFO: Run Behavior\WriteHtmlCacheBehavior [ RunTime:0.000000s ]
INFO: [ view_filter ] --END-- [ RunTime:0.000000s ]
INFO: [ app_end ] --START--
INFO: Run Behavior\ShowPageTraceBehavior [ RunTime:0.001000s ]
INFO: [ app_end ] --END-- [ RunTime:0.001000s ]

[ 2016-04-15T09:38:16+08:00 ] ::1 /first/m.php/member/new-user.html
INFO: [ app_init ] --START--
INFO: Run Behavior\BuildLiteBehavior [ RunTime:0.000000s ]
INFO: [ app_init ] --END-- [ RunTime:0.000000s ]
INFO: [ app_begin ] --START--
INFO: Run Behavior\ReadHtmlCacheBehavior [ RunTime:0.001000s ]
INFO: [ app_begin ] --END-- [ RunTime:0.001000s ]
ERR: 非法操作:new-user

[ 2016-04-15T09:38:19+08:00 ] ::1 /first/m.php/Member/edit.html
INFO: [ app_init ] --START--
INFO: Run Behavior\BuildLiteBehavior [ RunTime:0.000000s ]
INFO: [ app_init ] --END-- [ RunTime:0.000000s ]
INFO: [ app_begin ] --START--
INFO: Run Behavior\ReadHtmlCacheBehavior [ RunTime:0.001000s ]
INFO: [ app_begin ] --END-- [ RunTime:0.001000s ]
INFO: [ view_parse ] --START--
INFO: [ template_filter ] --START--
INFO: Run Behavior\ContentReplaceBehavior [ RunTime:0.000000s ]
INFO: [ template_filter ] --END-- [ RunTime:0.000000s ]
INFO: Run Behavior\ParseTemplateBehavior [ RunTime:0.009000s ]
INFO: [ view_parse ] --END-- [ RunTime:0.009000s ]
INFO: [ view_filter ] --START--
INFO: Run Behavior\WriteHtmlCacheBehavior [ RunTime:0.001000s ]
INFO: [ view_filter ] --END-- [ RunTime:0.001000s ]
INFO: [ app_end ] --START--
INFO: Run Behavior\ShowPageTraceBehavior [ RunTime:0.000000s ]
INFO: [ app_end ] --END-- [ RunTime:0.000000s ]

[ 2016-04-15T09:38:19+08:00 ] ::1 /first/m.php/Member/js/jquery-latest.js
INFO: [ app_init ] --START--
INFO: Run Behavior\BuildLiteBehavior [ RunTime:0.000000s ]
INFO: [ app_init ] --END-- [ RunTime:0.000000s ]
INFO: [ app_begin ] --START--
INFO: Run Behavior\ReadHtmlCacheBehavior [ RunTime:0.001000s ]
INFO: [ app_begin ] --END-- [ RunTime:0.001000s ]
ERR: 非法操作:js

[ 2016-04-15T09:38:19+08:00 ] ::1 /first/m.php/Member/js/jquery-latest.js
INFO: [ app_init ] --START--
INFO: Run Behavior\BuildLiteBehavior [ RunTime:0.000000s ]
INFO: [ app_init ] --END-- [ RunTime:0.000000s ]
INFO: [ app_begin ] --START--
INFO: Run Behavior\ReadHtmlCacheBehavior [ RunTime:0.000000s ]
INFO: [ app_begin ] --END-- [ RunTime:0.000000s ]
ERR: 非法操作:js

[ 2016-04-15T09:38:20+08:00 ] ::1 /first/m.php/Member/js/bootstrap.min.js
INFO: [ app_init ] --START--
INFO: Run Behavior\BuildLiteBehavior [ RunTime:0.000000s ]
INFO: [ app_init ] --END-- [ RunTime:0.001000s ]
INFO: [ app_begin ] --START--
INFO: Run Behavior\ReadHtmlCacheBehavior [ RunTime:0.001000s ]
INFO: [ app_begin ] --END-- [ RunTime:0.001000s ]
ERR: 非法操作:js

[ 2016-04-15T09:38:20+08:00 ] ::1 /first/m.php/Member/js/theme.js
INFO: [ app_init ] --START--
INFO: Run Behavior\BuildLiteBehavior [ RunTime:0.000000s ]
INFO: [ app_init ] --END-- [ RunTime:0.001000s ]
INFO: [ app_begin ] --START--
INFO: Run Behavior\ReadHtmlCacheBehavior [ RunTime:0.000000s ]
INFO: [ app_begin ] --END-- [ RunTime:0.000000s ]
ERR: 非法操作:js

[ 2016-04-15T09:39:36+08:00 ] ::1 /first/m.php/Member/index.html
INFO: [ app_init ] --START--
INFO: Run Behavior\BuildLiteBehavior [ RunTime:0.000000s ]
INFO: [ app_init ] --END-- [ RunTime:0.001000s ]
INFO: [ app_begin ] --START--
INFO: Run Behavior\ReadHtmlCacheBehavior [ RunTime:0.001000s ]
INFO: [ app_begin ] --END-- [ RunTime:0.001000s ]
SQL: SHOW COLUMNS FROM `anl_member` [ RunTime:0.0060s ]
SQL: SELECT * FROM `anl_member`  [ RunTime:0.0010s ]
INFO: [ view_parse ] --START--
INFO: [ template_filter ] --START--
INFO: Run Behavior\ContentReplaceBehavior [ RunTime:0.000000s ]
INFO: [ template_filter ] --END-- [ RunTime:0.000000s ]
NOTIC: [8] Undefined variable: val D:\WWW\first\Application\Runtime\Cache\Admin\cd4483014f2e11fff8848d4b0b1995b7.php 第 360 行.
NOTIC: [8] Undefined variable: val D:\WWW\first\Application\Runtime\Cache\Admin\cd4483014f2e11fff8848d4b0b1995b7.php 第 360 行.
NOTIC: [8] Undefined variable: val D:\WWW\first\Application\Runtime\Cache\Admin\cd4483014f2e11fff8848d4b0b1995b7.php 第 360 行.
NOTIC: [8] Undefined variable: val D:\WWW\first\Application\Runtime\Cache\Admin\cd4483014f2e11fff8848d4b0b1995b7.php 第 360 行.
NOTIC: [8] Undefined variable: val D:\WWW\first\Application\Runtime\Cache\Admin\cd4483014f2e11fff8848d4b0b1995b7.php 第 360 行.
NOTIC: [8] Undefined variable: val D:\WWW\first\Application\Runtime\Cache\Admin\cd4483014f2e11fff8848d4b0b1995b7.php 第 360 行.
NOTIC: [8] Undefined variable: val D:\WWW\first\Application\Runtime\Cache\Admin\cd4483014f2e11fff8848d4b0b1995b7.php 第 360 行.
NOTIC: [8] Undefined variable: val D:\WWW\first\Application\Runtime\Cache\Admin\cd4483014f2e11fff8848d4b0b1995b7.php 第 360 行.
NOTIC: [8] Undefined variable: val D:\WWW\first\Application\Runtime\Cache\Admin\cd4483014f2e11fff8848d4b0b1995b7.php 第 360 行.
NOTIC: [8] Undefined variable: val D:\WWW\first\Application\Runtime\Cache\Admin\cd4483014f2e11fff8848d4b0b1995b7.php 第 360 行.
NOTIC: [8] Undefined variable: val D:\WWW\first\Application\Runtime\Cache\Admin\cd4483014f2e11fff8848d4b0b1995b7.php 第 360 行.
NOTIC: [8] Undefined variable: val D:\WWW\first\Application\Runtime\Cache\Admin\cd4483014f2e11fff8848d4b0b1995b7.php 第 360 行.
NOTIC: [8] Undefined variable: val D:\WWW\first\Application\Runtime\Cache\Admin\cd4483014f2e11fff8848d4b0b1995b7.php 第 360 行.
NOTIC: [8] Undefined variable: val D:\WWW\first\Application\Runtime\Cache\Admin\cd4483014f2e11fff8848d4b0b1995b7.php 第 360 行.
NOTIC: [8] Undefined variable: val D:\WWW\first\Application\Runtime\Cache\Admin\cd4483014f2e11fff8848d4b0b1995b7.php 第 360 行.
NOTIC: [8] Undefined variable: val D:\WWW\first\Application\Runtime\Cache\Admin\cd4483014f2e11fff8848d4b0b1995b7.php 第 360 行.
NOTIC: [8] Undefined variable: val D:\WWW\first\Application\Runtime\Cache\Admin\cd4483014f2e11fff8848d4b0b1995b7.php 第 360 行.
NOTIC: [8] Undefined variable: val D:\WWW\first\Application\Runtime\Cache\Admin\cd4483014f2e11fff8848d4b0b1995b7.php 第 360 行.
NOTIC: [8] Undefined variable: val D:\WWW\first\Application\Runtime\Cache\Admin\cd4483014f2e11fff8848d4b0b1995b7.php 第 360 行.
NOTIC: [8] Undefined variable: val D:\WWW\first\Application\Runtime\Cache\Admin\cd4483014f2e11fff8848d4b0b1995b7.php 第 360 行.
NOTIC: [8] Undefined variable: val D:\WWW\first\Application\Runtime\Cache\Admin\cd4483014f2e11fff8848d4b0b1995b7.php 第 360 行.
NOTIC: [8] Undefined variable: val D:\WWW\first\Application\Runtime\Cache\Admin\cd4483014f2e11fff8848d4b0b1995b7.php 第 360 行.
NOTIC: [8] Undefined variable: val D:\WWW\first\Application\Runtime\Cache\Admin\cd4483014f2e11fff8848d4b0b1995b7.php 第 360 行.
NOTIC: [8] Undefined variable: val D:\WWW\first\Application\Runtime\Cache\Admin\cd4483014f2e11fff8848d4b0b1995b7.php 第 360 行.
NOTIC: [8] Undefined variable: val D:\WWW\first\Application\Runtime\Cache\Admin\cd4483014f2e11fff8848d4b0b1995b7.php 第 360 行.
NOTIC: [8] Undefined variable: val D:\WWW\first\Application\Runtime\Cache\Admin\cd4483014f2e11fff8848d4b0b1995b7.php 第 360 行.
NOTIC: [8] Undefined variable: val D:\WWW\first\Application\Runtime\Cache\Admin\cd4483014f2e11fff8848d4b0b1995b7.php 第 360 行.
NOTIC: [8] Undefined variable: val D:\WWW\first\Application\Runtime\Cache\Admin\cd4483014f2e11fff8848d4b0b1995b7.php 第 360 行.
NOTIC: [8] Undefined variable: val D:\WWW\first\Application\Runtime\Cache\Admin\cd4483014f2e11fff8848d4b0b1995b7.php 第 360 行.
NOTIC: [8] Undefined variable: val D:\WWW\first\Application\Runtime\Cache\Admin\cd4483014f2e11fff8848d4b0b1995b7.php 第 360 行.
NOTIC: [8] Undefined variable: val D:\WWW\first\Application\Runtime\Cache\Admin\cd4483014f2e11fff8848d4b0b1995b7.php 第 360 行.
NOTIC: [8] Undefined variable: val D:\WWW\first\Application\Runtime\Cache\Admin\cd4483014f2e11fff8848d4b0b1995b7.php 第 360 行.
NOTIC: [8] Undefined variable: val D:\WWW\first\Application\Runtime\Cache\Admin\cd4483014f2e11fff8848d4b0b1995b7.php 第 360 行.
NOTIC: [8] Undefined variable: val D:\WWW\first\Application\Runtime\Cache\Admin\cd4483014f2e11fff8848d4b0b1995b7.php 第 360 行.
NOTIC: [8] Undefined variable: val D:\WWW\first\Application\Runtime\Cache\Admin\cd4483014f2e11fff8848d4b0b1995b7.php 第 360 行.
NOTIC: [8] Undefined variable: val D:\WWW\first\Application\Runtime\Cache\Admin\cd4483014f2e11fff8848d4b0b1995b7.php 第 360 行.
NOTIC: [8] Undefined variable: val D:\WWW\first\Application\Runtime\Cache\Admin\cd4483014f2e11fff8848d4b0b1995b7.php 第 360 行.
INFO: Run Behavior\ParseTemplateBehavior [ RunTime:0.054000s ]
INFO: [ view_parse ] --END-- [ RunTime:0.054000s ]
INFO: [ view_filter ] --START--
INFO: Run Behavior\WriteHtmlCacheBehavior [ RunTime:0.000000s ]
INFO: [ view_filter ] --END-- [ RunTime:0.000000s ]
INFO: [ app_end ] --START--
INFO: Run Behavior\ShowPageTraceBehavior [ RunTime:0.001000s ]
INFO: [ app_end ] --END-- [ RunTime:0.001000s ]

[ 2016-04-15T09:43:25+08:00 ] ::1 /first/m.php/Member/index.html
INFO: [ app_init ] --START--
INFO: Run Behavior\BuildLiteBehavior [ RunTime:0.000000s ]
INFO: [ app_init ] --END-- [ RunTime:0.000000s ]
INFO: [ app_begin ] --START--
INFO: Run Behavior\ReadHtmlCacheBehavior [ RunTime:0.000000s ]
INFO: [ app_begin ] --END-- [ RunTime:0.000000s ]
SQL: SHOW COLUMNS FROM `anl_member` [ RunTime:0.0000s ]
SQL: SELECT * FROM `anl_member`  [ RunTime:0.0000s ]
INFO: [ view_parse ] --START--
INFO: [ template_filter ] --START--
INFO: Run Behavior\ContentReplaceBehavior [ RunTime:0.000000s ]
INFO: [ template_filter ] --END-- [ RunTime:0.000000s ]

[ 2016-04-15T09:43:59+08:00 ] ::1 /first/m.php/Member/index.html
INFO: [ app_init ] --START--
INFO: Run Behavior\BuildLiteBehavior [ RunTime:0.000000s ]
INFO: [ app_init ] --END-- [ RunTime:0.000000s ]
INFO: [ app_begin ] --START--
INFO: Run Behavior\ReadHtmlCacheBehavior [ RunTime:0.000000s ]
INFO: [ app_begin ] --END-- [ RunTime:0.000000s ]
SQL: SHOW COLUMNS FROM `anl_member` [ RunTime:0.0100s ]
SQL: SELECT * FROM `anl_member`  [ RunTime:0.0000s ]
INFO: [ view_parse ] --START--
INFO: [ template_filter ] --START--
INFO: Run Behavior\ContentReplaceBehavior [ RunTime:0.000000s ]
INFO: [ template_filter ] --END-- [ RunTime:0.000000s ]
NOTIC: [8] Undefined variable: val D:\WWW\first\Application\Runtime\Cache\Admin\cd4483014f2e11fff8848d4b0b1995b7.php 第 360 行.
NOTIC: [8] Undefined variable: val D:\WWW\first\Application\Runtime\Cache\Admin\cd4483014f2e11fff8848d4b0b1995b7.php 第 360 行.
NOTIC: [8] Undefined variable: val D:\WWW\first\Application\Runtime\Cache\Admin\cd4483014f2e11fff8848d4b0b1995b7.php 第 360 行.
NOTIC: [8] Undefined variable: val D:\WWW\first\Application\Runtime\Cache\Admin\cd4483014f2e11fff8848d4b0b1995b7.php 第 360 行.
NOTIC: [8] Undefined variable: val D:\WWW\first\Application\Runtime\Cache\Admin\cd4483014f2e11fff8848d4b0b1995b7.php 第 360 行.
NOTIC: [8] Undefined variable: val D:\WWW\first\Application\Runtime\Cache\Admin\cd4483014f2e11fff8848d4b0b1995b7.php 第 360 行.
NOTIC: [8] Undefined variable: val D:\WWW\first\Application\Runtime\Cache\Admin\cd4483014f2e11fff8848d4b0b1995b7.php 第 360 行.
NOTIC: [8] Undefined variable: val D:\WWW\first\Application\Runtime\Cache\Admin\cd4483014f2e11fff8848d4b0b1995b7.php 第 360 行.
NOTIC: [8] Undefined variable: val D:\WWW\first\Application\Runtime\Cache\Admin\cd4483014f2e11fff8848d4b0b1995b7.php 第 360 行.
NOTIC: [8] Undefined variable: val D:\WWW\first\Application\Runtime\Cache\Admin\cd4483014f2e11fff8848d4b0b1995b7.php 第 360 行.
NOTIC: [8] Undefined variable: val D:\WWW\first\Application\Runtime\Cache\Admin\cd4483014f2e11fff8848d4b0b1995b7.php 第 360 行.
NOTIC: [8] Undefined variable: val D:\WWW\first\Application\Runtime\Cache\Admin\cd4483014f2e11fff8848d4b0b1995b7.php 第 360 行.
NOTIC: [8] Undefined variable: val D:\WWW\first\Application\Runtime\Cache\Admin\cd4483014f2e11fff8848d4b0b1995b7.php 第 360 行.
NOTIC: [8] Undefined variable: val D:\WWW\first\Application\Runtime\Cache\Admin\cd4483014f2e11fff8848d4b0b1995b7.php 第 360 行.
NOTIC: [8] Undefined variable: val D:\WWW\first\Application\Runtime\Cache\Admin\cd4483014f2e11fff8848d4b0b1995b7.php 第 360 行.
NOTIC: [8] Undefined variable: val D:\WWW\first\Application\Runtime\Cache\Admin\cd4483014f2e11fff8848d4b0b1995b7.php 第 360 行.
NOTIC: [8] Undefined variable: val D:\WWW\first\Application\Runtime\Cache\Admin\cd4483014f2e11fff8848d4b0b1995b7.php 第 360 行.
NOTIC: [8] Undefined variable: val D:\WWW\first\Application\Runtime\Cache\Admin\cd4483014f2e11fff8848d4b0b1995b7.php 第 360 行.
NOTIC: [8] Undefined variable: val D:\WWW\first\Application\Runtime\Cache\Admin\cd4483014f2e11fff8848d4b0b1995b7.php 第 360 行.
NOTIC: [8] Undefined variable: val D:\WWW\first\Application\Runtime\Cache\Admin\cd4483014f2e11fff8848d4b0b1995b7.php 第 360 行.
NOTIC: [8] Undefined variable: val D:\WWW\first\Application\Runtime\Cache\Admin\cd4483014f2e11fff8848d4b0b1995b7.php 第 360 行.
NOTIC: [8] Undefined variable: val D:\WWW\first\Application\Runtime\Cache\Admin\cd4483014f2e11fff8848d4b0b1995b7.php 第 360 行.
NOTIC: [8] Undefined variable: val D:\WWW\first\Application\Runtime\Cache\Admin\cd4483014f2e11fff8848d4b0b1995b7.php 第 360 行.
NOTIC: [8] Undefined variable: val D:\WWW\first\Application\Runtime\Cache\Admin\cd4483014f2e11fff8848d4b0b1995b7.php 第 360 行.
NOTIC: [8] Undefined variable: val D:\WWW\first\Application\Runtime\Cache\Admin\cd4483014f2e11fff8848d4b0b1995b7.php 第 360 行.
NOTIC: [8] Undefined variable: val D:\WWW\first\Application\Runtime\Cache\Admin\cd4483014f2e11fff8848d4b0b1995b7.php 第 360 行.
NOTIC: [8] Undefined variable: val D:\WWW\first\Application\Runtime\Cache\Admin\cd4483014f2e11fff8848d4b0b1995b7.php 第 360 行.
NOTIC: [8] Undefined variable: val D:\WWW\first\Application\Runtime\Cache\Admin\cd4483014f2e11fff8848d4b0b1995b7.php 第 360 行.
NOTIC: [8] Undefined variable: val D:\WWW\first\Application\Runtime\Cache\Admin\cd4483014f2e11fff8848d4b0b1995b7.php 第 360 行.
NOTIC: [8] Undefined variable: val D:\WWW\first\Application\Runtime\Cache\Admin\cd4483014f2e11fff8848d4b0b1995b7.php 第 360 行.
NOTIC: [8] Undefined variable: val D:\WWW\first\Application\Runtime\Cache\Admin\cd4483014f2e11fff8848d4b0b1995b7.php 第 360 行.
NOTIC: [8] Undefined variable: val D:\WWW\first\Application\Runtime\Cache\Admin\cd4483014f2e11fff8848d4b0b1995b7.php 第 360 行.
NOTIC: [8] Undefined variable: val D:\WWW\first\Application\Runtime\Cache\Admin\cd4483014f2e11fff8848d4b0b1995b7.php 第 360 行.
NOTIC: [8] Undefined variable: val D:\WWW\first\Application\Runtime\Cache\Admin\cd4483014f2e11fff8848d4b0b1995b7.php 第 360 行.
NOTIC: [8] Undefined variable: val D:\WWW\first\Application\Runtime\Cache\Admin\cd4483014f2e11fff8848d4b0b1995b7.php 第 360 行.
NOTIC: [8] Undefined variable: val D:\WWW\first\Application\Runtime\Cache\Admin\cd4483014f2e11fff8848d4b0b1995b7.php 第 360 行.
NOTIC: [8] Undefined variable: val D:\WWW\first\Application\Runtime\Cache\Admin\cd4483014f2e11fff8848d4b0b1995b7.php 第 360 行.
INFO: Run Behavior\ParseTemplateBehavior [ RunTime:0.030000s ]
INFO: [ view_parse ] --END-- [ RunTime:0.030000s ]
INFO: [ view_filter ] --START--
INFO: Run Behavior\WriteHtmlCacheBehavior [ RunTime:0.000000s ]
INFO: [ view_filter ] --END-- [ RunTime:0.000000s ]
INFO: [ app_end ] --START--
INFO: Run Behavior\ShowPageTraceBehavior [ RunTime:0.000000s ]
INFO: [ app_end ] --END-- [ RunTime:0.000000s ]

[ 2016-04-15T09:44:08+08:00 ] ::1 /first/m.php/Member/edit/id/1.html
INFO: [ app_init ] --START--
INFO: Run Behavior\BuildLiteBehavior [ RunTime:0.000000s ]
INFO: [ app_init ] --END-- [ RunTime:0.000000s ]
INFO: [ app_begin ] --START--
INFO: Run Behavior\ReadHtmlCacheBehavior [ RunTime:0.000000s ]
INFO: [ app_begin ] --END-- [ RunTime:0.000000s ]
INFO: [ view_parse ] --START--
INFO: [ template_filter ] --START--
INFO: Run Behavior\ContentReplaceBehavior [ RunTime:0.000000s ]
INFO: [ template_filter ] --END-- [ RunTime:0.000000s ]
INFO: Run Behavior\ParseTemplateBehavior [ RunTime:0.000000s ]
INFO: [ view_parse ] --END-- [ RunTime:0.000000s ]
INFO: [ view_filter ] --START--
INFO: Run Behavior\WriteHtmlCacheBehavior [ RunTime:0.000000s ]
INFO: [ view_filter ] --END-- [ RunTime:0.000000s ]
INFO: [ app_end ] --START--
INFO: Run Behavior\ShowPageTraceBehavior [ RunTime:0.000000s ]
INFO: [ app_end ] --END-- [ RunTime:0.000000s ]

[ 2016-04-15T09:44:08+08:00 ] ::1 /first/m.php/Member/edit/id/js/jquery-latest.js
INFO: [ app_init ] --START--
INFO: Run Behavior\BuildLiteBehavior [ RunTime:0.000000s ]
INFO: [ app_init ] --END-- [ RunTime:0.000000s ]
INFO: [ app_begin ] --START--
INFO: Run Behavior\ReadHtmlCacheBehavior [ RunTime:0.000000s ]
INFO: [ app_begin ] --END-- [ RunTime:0.000000s ]
INFO: [ view_parse ] --START--
INFO: [ template_filter ] --START--
INFO: Run Behavior\ContentReplaceBehavior [ RunTime:0.000000s ]
INFO: [ template_filter ] --END-- [ RunTime:0.000000s ]
INFO: Run Behavior\ParseTemplateBehavior [ RunTime:0.010000s ]
INFO: [ view_parse ] --END-- [ RunTime:0.010000s ]
INFO: [ view_filter ] --START--
INFO: Run Behavior\WriteHtmlCacheBehavior [ RunTime:0.000000s ]
INFO: [ view_filter ] --END-- [ RunTime:0.000000s ]
INFO: [ app_end ] --START--
INFO: Run Behavior\ShowPageTraceBehavior [ RunTime:0.000000s ]
INFO: [ app_end ] --END-- [ RunTime:0.000000s ]

[ 2016-04-15T09:44:08+08:00 ] ::1 /first/m.php/Member/edit/id/js/bootstrap.min.js
INFO: [ app_init ] --START--
INFO: Run Behavior\BuildLiteBehavior [ RunTime:0.000000s ]
INFO: [ app_init ] --END-- [ RunTime:0.000000s ]
INFO: [ app_begin ] --START--
INFO: Run Behavior\ReadHtmlCacheBehavior [ RunTime:0.000000s ]
INFO: [ app_begin ] --END-- [ RunTime:0.000000s ]
INFO: [ view_parse ] --START--
INFO: [ template_filter ] --START--
INFO: Run Behavior\ContentReplaceBehavior [ RunTime:0.000000s ]
INFO: [ template_filter ] --END-- [ RunTime:0.000000s ]
INFO: Run Behavior\ParseTemplateBehavior [ RunTime:0.010000s ]
INFO: [ view_parse ] --END-- [ RunTime:0.010000s ]
INFO: [ view_filter ] --START--
INFO: Run Behavior\WriteHtmlCacheBehavior [ RunTime:0.000000s ]
INFO: [ view_filter ] --END-- [ RunTime:0.000000s ]
INFO: [ app_end ] --START--
INFO: Run Behavior\ShowPageTraceBehavior [ RunTime:0.000000s ]
INFO: [ app_end ] --END-- [ RunTime:0.000000s ]

[ 2016-04-15T09:44:09+08:00 ] ::1 /first/m.php/Member/edit/id/js/theme.js
INFO: [ app_init ] --START--
INFO: Run Behavior\BuildLiteBehavior [ RunTime:0.000000s ]
INFO: [ app_init ] --END-- [ RunTime:0.000000s ]
INFO: [ app_begin ] --START--
INFO: Run Behavior\ReadHtmlCacheBehavior [ RunTime:0.010000s ]
INFO: [ app_begin ] --END-- [ RunTime:0.010000s ]
INFO: [ view_parse ] --START--
INFO: [ template_filter ] --START--
INFO: Run Behavior\ContentReplaceBehavior [ RunTime:0.000000s ]
INFO: [ template_filter ] --END-- [ RunTime:0.000000s ]
INFO: Run Behavior\ParseTemplateBehavior [ RunTime:0.010000s ]
INFO: [ view_parse ] --END-- [ RunTime:0.010000s ]
INFO: [ view_filter ] --START--
INFO: Run Behavior\WriteHtmlCacheBehavior [ RunTime:0.000000s ]
INFO: [ view_filter ] --END-- [ RunTime:0.000000s ]
INFO: [ app_end ] --START--
INFO: Run Behavior\ShowPageTraceBehavior [ RunTime:0.000000s ]
INFO: [ app_end ] --END-- [ RunTime:0.000000s ]

[ 2016-04-15T09:49:53+08:00 ] ::1 /first/m.php/Member/edit/id/1.html
INFO: [ app_init ] --START--
INFO: Run Behavior\BuildLiteBehavior [ RunTime:0.000000s ]
INFO: [ app_init ] --END-- [ RunTime:0.000000s ]
INFO: [ app_begin ] --START--
INFO: Run Behavior\ReadHtmlCacheBehavior [ RunTime:0.000000s ]
INFO: [ app_begin ] --END-- [ RunTime:0.000000s ]
SQL: SHOW COLUMNS FROM `anl_member` [ RunTime:0.0000s ]
SQL: SELECT * FROM `anl_member` WHERE ( uid=1 ) LIMIT 1   [ RunTime:0.0000s ]
INFO: [ view_parse ] --START--
INFO: [ template_filter ] --START--
INFO: Run Behavior\ContentReplaceBehavior [ RunTime:0.000000s ]
INFO: [ template_filter ] --END-- [ RunTime:0.000000s ]
INFO: Run Behavior\ParseTemplateBehavior [ RunTime:0.040000s ]
INFO: [ view_parse ] --END-- [ RunTime:0.040000s ]
INFO: [ view_filter ] --START--
INFO: Run Behavior\WriteHtmlCacheBehavior [ RunTime:0.000000s ]
INFO: [ view_filter ] --END-- [ RunTime:0.000000s ]
INFO: [ app_end ] --START--
INFO: Run Behavior\ShowPageTraceBehavior [ RunTime:0.000000s ]
INFO: [ app_end ] --END-- [ RunTime:0.010000s ]

[ 2016-04-15T09:49:54+08:00 ] ::1 /first/m.php/Member/edit/id/js/jquery-latest.js
INFO: [ app_init ] --START--
INFO: Run Behavior\BuildLiteBehavior [ RunTime:0.000000s ]
INFO: [ app_init ] --END-- [ RunTime:0.000000s ]
INFO: [ app_begin ] --START--
INFO: Run Behavior\ReadHtmlCacheBehavior [ RunTime:0.000000s ]
INFO: [ app_begin ] --END-- [ RunTime:0.000000s ]
SQL: SHOW COLUMNS FROM `anl_member` [ RunTime:0.0050s ]
ERR: 1054:Unknown column 'js' in 'where clause'
 [ SQL语句 ] : SELECT * FROM `anl_member` WHERE ( uid=js ) LIMIT 1  
ERR: 1054:Unknown column 'js' in 'where clause'
 [ SQL语句 ] : SELECT * FROM `anl_member` WHERE ( uid=js ) LIMIT 1  

[ 2016-04-15T09:49:55+08:00 ] ::1 /first/m.php/Member/edit/id/js/bootstrap.min.js
INFO: [ app_init ] --START--
INFO: Run Behavior\BuildLiteBehavior [ RunTime:0.000000s ]
INFO: [ app_init ] --END-- [ RunTime:0.001000s ]
INFO: [ app_begin ] --START--
INFO: Run Behavior\ReadHtmlCacheBehavior [ RunTime:0.000000s ]
INFO: [ app_begin ] --END-- [ RunTime:0.000000s ]
SQL: SHOW COLUMNS FROM `anl_member` [ RunTime:0.0090s ]
ERR: 1054:Unknown column 'js' in 'where clause'
 [ SQL语句 ] : SELECT * FROM `anl_member` WHERE ( uid=js ) LIMIT 1  
ERR: 1054:Unknown column 'js' in 'where clause'
 [ SQL语句 ] : SELECT * FROM `anl_member` WHERE ( uid=js ) LIMIT 1  

[ 2016-04-15T09:49:56+08:00 ] ::1 /first/m.php/Member/edit/id/js/theme.js
INFO: [ app_init ] --START--
INFO: Run Behavior\BuildLiteBehavior [ RunTime:0.000000s ]
INFO: [ app_init ] --END-- [ RunTime:0.001000s ]
INFO: [ app_begin ] --START--
INFO: Run Behavior\ReadHtmlCacheBehavior [ RunTime:0.000000s ]
INFO: [ app_begin ] --END-- [ RunTime:0.000000s ]
SQL: SHOW COLUMNS FROM `anl_member` [ RunTime:0.0080s ]
ERR: 1054:Unknown column 'js' in 'where clause'
 [ SQL语句 ] : SELECT * FROM `anl_member` WHERE ( uid=js ) LIMIT 1  
ERR: 1054:Unknown column 'js' in 'where clause'
 [ SQL语句 ] : SELECT * FROM `anl_member` WHERE ( uid=js ) LIMIT 1  

[ 2016-04-15T10:33:40+08:00 ] ::1 /first/m.php/Member/edit/id/1.html
INFO: [ app_init ] --START--
INFO: Run Behavior\BuildLiteBehavior [ RunTime:0.000000s ]
INFO: [ app_init ] --END-- [ RunTime:0.000000s ]
INFO: [ app_begin ] --START--
INFO: Run Behavior\ReadHtmlCacheBehavior [ RunTime:0.000000s ]
INFO: [ app_begin ] --END-- [ RunTime:0.000000s ]
SQL: SHOW COLUMNS FROM `anl_member` [ RunTime:0.0100s ]
SQL: SHOW COLUMNS FROM `anl_member` [ RunTime:0.0000s ]
SQL: SELECT * FROM `anl_member` WHERE ( uid=1 ) LIMIT 1   [ RunTime:0.0000s ]
INFO: [ view_parse ] --START--
INFO: [ template_filter ] --START--
INFO: Run Behavior\ContentReplaceBehavior [ RunTime:0.000000s ]
INFO: [ template_filter ] --END-- [ RunTime:0.000000s ]

[ 2016-04-15T10:34:07+08:00 ] ::1 /first/m.php/Member/edit/id/1.html
INFO: [ app_init ] --START--
INFO: Run Behavior\BuildLiteBehavior [ RunTime:0.000000s ]
INFO: [ app_init ] --END-- [ RunTime:0.000000s ]
INFO: [ app_begin ] --START--
INFO: Run Behavior\ReadHtmlCacheBehavior [ RunTime:0.000000s ]
INFO: [ app_begin ] --END-- [ RunTime:0.000000s ]
SQL: SHOW COLUMNS FROM `anl_member` [ RunTime:0.0000s ]
SQL: SHOW COLUMNS FROM `anl_member` [ RunTime:0.0000s ]
SQL: SELECT * FROM `anl_member` WHERE ( uid=1 ) LIMIT 1   [ RunTime:0.0000s ]
INFO: [ view_parse ] --START--
INFO: [ template_filter ] --START--
INFO: Run Behavior\ContentReplaceBehavior [ RunTime:0.000000s ]
INFO: [ template_filter ] --END-- [ RunTime:0.000000s ]

[ 2016-04-15T10:34:35+08:00 ] ::1 /first/m.php/Member/edit/id/1.html
INFO: [ app_init ] --START--
INFO: Run Behavior\BuildLiteBehavior [ RunTime:0.000000s ]
INFO: [ app_init ] --END-- [ RunTime:0.000000s ]
INFO: [ app_begin ] --START--
INFO: Run Behavior\ReadHtmlCacheBehavior [ RunTime:0.000000s ]
INFO: [ app_begin ] --END-- [ RunTime:0.000000s ]
SQL: SHOW COLUMNS FROM `anl_member` [ RunTime:0.0100s ]
INFO: [ view_parse ] --START--
INFO: [ template_filter ] --START--
INFO: Run Behavior\ContentReplaceBehavior [ RunTime:0.000000s ]
INFO: [ template_filter ] --END-- [ RunTime:0.000000s ]

[ 2016-04-15T10:35:11+08:00 ] ::1 /first/m.php/Member/edit/id/1.html
INFO: [ app_init ] --START--
INFO: Run Behavior\BuildLiteBehavior [ RunTime:0.000000s ]
INFO: [ app_init ] --END-- [ RunTime:0.000000s ]
INFO: [ app_begin ] --START--
INFO: Run Behavior\ReadHtmlCacheBehavior [ RunTime:0.000000s ]
INFO: [ app_begin ] --END-- [ RunTime:0.000000s ]

[ 2016-04-15T10:35:21+08:00 ] ::1 /first/m.php/Member/edit/id/1.html
INFO: [ app_init ] --START--
INFO: Run Behavior\BuildLiteBehavior [ RunTime:0.000000s ]
INFO: [ app_init ] --END-- [ RunTime:0.000000s ]
INFO: [ app_begin ] --START--
INFO: Run Behavior\ReadHtmlCacheBehavior [ RunTime:0.000000s ]
INFO: [ app_begin ] --END-- [ RunTime:0.000000s ]
SQL: SHOW COLUMNS FROM `anl_member` [ RunTime:0.0100s ]

[ 2016-04-15T10:35:57+08:00 ] ::1 /first/m.php/Member/edit/id/1.html
INFO: [ app_init ] --START--
INFO: Run Behavior\BuildLiteBehavior [ RunTime:0.000000s ]
INFO: [ app_init ] --END-- [ RunTime:0.000000s ]
INFO: [ app_begin ] --START--
INFO: Run Behavior\ReadHtmlCacheBehavior [ RunTime:0.000000s ]
INFO: [ app_begin ] --END-- [ RunTime:0.000000s ]
SQL: SHOW COLUMNS FROM `anl_member` [ RunTime:0.0100s ]
INFO: [ view_parse ] --START--
INFO: [ template_filter ] --START--
INFO: Run Behavior\ContentReplaceBehavior [ RunTime:0.000000s ]
INFO: [ template_filter ] --END-- [ RunTime:0.000000s ]

[ 2016-04-15T10:36:37+08:00 ] ::1 /first/m.php/Member/edit/id/1.html
INFO: [ app_init ] --START--
INFO: Run Behavior\BuildLiteBehavior [ RunTime:0.000000s ]
INFO: [ app_init ] --END-- [ RunTime:0.000000s ]
INFO: [ app_begin ] --START--
INFO: Run Behavior\ReadHtmlCacheBehavior [ RunTime:0.010000s ]
INFO: [ app_begin ] --END-- [ RunTime:0.010000s ]
SQL: SHOW COLUMNS FROM `anl_member` [ RunTime:0.0000s ]
INFO: [ view_parse ] --START--
INFO: [ template_filter ] --START--
INFO: Run Behavior\ContentReplaceBehavior [ RunTime:0.000000s ]
INFO: [ template_filter ] --END-- [ RunTime:0.000000s ]
NOTIC: [8] Undefined variable: nickname D:\WWW\first\Application\Runtime\Cache\Admin\615a4d9a13eca73e3f56e9489b97f800.php 第 286 行.
INFO: Run Behavior\ParseTemplateBehavior [ RunTime:0.020000s ]
INFO: [ view_parse ] --END-- [ RunTime:0.020000s ]
INFO: [ view_filter ] --START--
INFO: Run Behavior\WriteHtmlCacheBehavior [ RunTime:0.000000s ]
INFO: [ view_filter ] --END-- [ RunTime:0.000000s ]
INFO: [ app_end ] --START--
INFO: Run Behavior\ShowPageTraceBehavior [ RunTime:0.000000s ]
INFO: [ app_end ] --END-- [ RunTime:0.000000s ]

[ 2016-04-15T10:36:38+08:00 ] ::1 /first/m.php/Member/edit/id/js/jquery-latest.js
INFO: [ app_init ] --START--
INFO: Run Behavior\BuildLiteBehavior [ RunTime:0.000000s ]
INFO: [ app_init ] --END-- [ RunTime:0.000000s ]
INFO: [ app_begin ] --START--
INFO: Run Behavior\ReadHtmlCacheBehavior [ RunTime:0.000000s ]
INFO: [ app_begin ] --END-- [ RunTime:0.000000s ]
SQL: SHOW COLUMNS FROM `anl_member` [ RunTime:0.0080s ]
INFO: [ view_parse ] --START--
INFO: [ template_filter ] --START--
INFO: Run Behavior\ContentReplaceBehavior [ RunTime:0.000000s ]
INFO: [ template_filter ] --END-- [ RunTime:0.000000s ]
NOTIC: [8] Undefined variable: nickname D:\WWW\first\Application\Runtime\Cache\Admin\615a4d9a13eca73e3f56e9489b97f800.php 第 286 行.
INFO: Run Behavior\ParseTemplateBehavior [ RunTime:0.013000s ]
INFO: [ view_parse ] --END-- [ RunTime:0.013000s ]
INFO: [ view_filter ] --START--
INFO: Run Behavior\WriteHtmlCacheBehavior [ RunTime:0.000000s ]
INFO: [ view_filter ] --END-- [ RunTime:0.000000s ]
INFO: [ app_end ] --START--
INFO: Run Behavior\ShowPageTraceBehavior [ RunTime:0.000000s ]
INFO: [ app_end ] --END-- [ RunTime:0.000000s ]

[ 2016-04-15T10:36:39+08:00 ] ::1 /first/m.php/Member/edit/id/js/theme.js
INFO: [ app_init ] --START--
INFO: Run Behavior\BuildLiteBehavior [ RunTime:0.000000s ]
INFO: [ app_init ] --END-- [ RunTime:0.000000s ]
INFO: [ app_begin ] --START--
INFO: Run Behavior\ReadHtmlCacheBehavior [ RunTime:0.000000s ]
INFO: [ app_begin ] --END-- [ RunTime:0.000000s ]
SQL: SHOW COLUMNS FROM `anl_member` [ RunTime:0.0070s ]
INFO: [ view_parse ] --START--
INFO: [ template_filter ] --START--
INFO: Run Behavior\ContentReplaceBehavior [ RunTime:0.000000s ]
INFO: [ template_filter ] --END-- [ RunTime:0.000000s ]
NOTIC: [8] Undefined variable: nickname D:\WWW\first\Application\Runtime\Cache\Admin\615a4d9a13eca73e3f56e9489b97f800.php 第 286 行.
INFO: Run Behavior\ParseTemplateBehavior [ RunTime:0.033000s ]
INFO: [ view_parse ] --END-- [ RunTime:0.033000s ]
INFO: [ view_filter ] --START--
INFO: Run Behavior\WriteHtmlCacheBehavior [ RunTime:0.000000s ]
INFO: [ view_filter ] --END-- [ RunTime:0.000000s ]
INFO: [ app_end ] --START--
INFO: Run Behavior\ShowPageTraceBehavior [ RunTime:0.001000s ]
INFO: [ app_end ] --END-- [ RunTime:0.001000s ]

[ 2016-04-15T10:36:40+08:00 ] ::1 /first/m.php/Member/edit/id/js/bootstrap.min.js
INFO: [ app_init ] --START--
INFO: Run Behavior\BuildLiteBehavior [ RunTime:0.000000s ]
INFO: [ app_init ] --END-- [ RunTime:0.001000s ]
INFO: [ app_begin ] --START--
INFO: Run Behavior\ReadHtmlCacheBehavior [ RunTime:0.000000s ]
INFO: [ app_begin ] --END-- [ RunTime:0.000000s ]
SQL: SHOW COLUMNS FROM `anl_member` [ RunTime:0.0040s ]
INFO: [ view_parse ] --START--
INFO: [ template_filter ] --START--
INFO: Run Behavior\ContentReplaceBehavior [ RunTime:0.001000s ]
INFO: [ template_filter ] --END-- [ RunTime:0.001000s ]
NOTIC: [8] Undefined variable: nickname D:\WWW\first\Application\Runtime\Cache\Admin\615a4d9a13eca73e3f56e9489b97f800.php 第 286 行.
INFO: Run Behavior\ParseTemplateBehavior [ RunTime:0.026000s ]
INFO: [ view_parse ] --END-- [ RunTime:0.027000s ]
INFO: [ view_filter ] --START--
INFO: Run Behavior\WriteHtmlCacheBehavior [ RunTime:0.000000s ]
INFO: [ view_filter ] --END-- [ RunTime:0.000000s ]
INFO: [ app_end ] --START--
INFO: Run Behavior\ShowPageTraceBehavior [ RunTime:0.001000s ]
INFO: [ app_end ] --END-- [ RunTime:0.001000s ]

[ 2016-04-15T10:59:37+08:00 ] ::1 /first/m.php/Member/edit/id/1.html
INFO: [ app_init ] --START--
INFO: Run Behavior\BuildLiteBehavior [ RunTime:0.000000s ]
INFO: [ app_init ] --END-- [ RunTime:0.000000s ]
INFO: [ app_begin ] --START--
INFO: Run Behavior\ReadHtmlCacheBehavior [ RunTime:0.000000s ]
INFO: [ app_begin ] --END-- [ RunTime:0.000000s ]
SQL: SHOW COLUMNS FROM `anl_member` [ RunTime:0.0000s ]
INFO: [ view_parse ] --START--
INFO: [ template_filter ] --START--
INFO: Run Behavior\ContentReplaceBehavior [ RunTime:0.000000s ]
INFO: [ template_filter ] --END-- [ RunTime:0.000000s ]
NOTIC: [8] Undefined variable: nickname D:\WWW\first\Application\Runtime\Cache\Admin\615a4d9a13eca73e3f56e9489b97f800.php 第 286 行.
INFO: Run Behavior\ParseTemplateBehavior [ RunTime:0.040000s ]
INFO: [ view_parse ] --END-- [ RunTime:0.040000s ]
INFO: [ view_filter ] --START--
INFO: Run Behavior\WriteHtmlCacheBehavior [ RunTime:0.000000s ]
INFO: [ view_filter ] --END-- [ RunTime:0.000000s ]
INFO: [ app_end ] --START--
INFO: Run Behavior\ShowPageTraceBehavior [ RunTime:0.000000s ]
INFO: [ app_end ] --END-- [ RunTime:0.000000s ]

[ 2016-04-15T10:59:38+08:00 ] ::1 /first/m.php/Member/edit/id/js/jquery-latest.js
INFO: [ app_init ] --START--
INFO: Run Behavior\BuildLiteBehavior [ RunTime:0.000000s ]
INFO: [ app_init ] --END-- [ RunTime:0.010000s ]
INFO: [ app_begin ] --START--
INFO: Run Behavior\ReadHtmlCacheBehavior [ RunTime:0.000000s ]
INFO: [ app_begin ] --END-- [ RunTime:0.000000s ]
SQL: SHOW COLUMNS FROM `anl_member` [ RunTime:0.0000s ]
INFO: [ view_parse ] --START--
INFO: [ template_filter ] --START--
INFO: Run Behavior\ContentReplaceBehavior [ RunTime:0.000000s ]
INFO: [ template_filter ] --END-- [ RunTime:0.000000s ]
NOTIC: [8] Undefined variable: nickname D:\WWW\first\Application\Runtime\Cache\Admin\615a4d9a13eca73e3f56e9489b97f800.php 第 286 行.
INFO: Run Behavior\ParseTemplateBehavior [ RunTime:0.030000s ]
INFO: [ view_parse ] --END-- [ RunTime:0.030000s ]
INFO: [ view_filter ] --START--
INFO: Run Behavior\WriteHtmlCacheBehavior [ RunTime:0.000000s ]
INFO: [ view_filter ] --END-- [ RunTime:0.000000s ]
INFO: [ app_end ] --START--
INFO: Run Behavior\ShowPageTraceBehavior [ RunTime:0.000000s ]
INFO: [ app_end ] --END-- [ RunTime:0.000000s ]

[ 2016-04-15T10:59:39+08:00 ] ::1 /first/m.php/Member/edit/id/js/bootstrap.min.js
INFO: [ app_init ] --START--
INFO: Run Behavior\BuildLiteBehavior [ RunTime:0.000000s ]
INFO: [ app_init ] --END-- [ RunTime:0.000000s ]
INFO: [ app_begin ] --START--
INFO: Run Behavior\ReadHtmlCacheBehavior [ RunTime:0.010000s ]
INFO: [ app_begin ] --END-- [ RunTime:0.010000s ]
SQL: SHOW COLUMNS FROM `anl_member` [ RunTime:0.0000s ]
INFO: [ view_parse ] --START--
INFO: [ template_filter ] --START--
INFO: Run Behavior\ContentReplaceBehavior [ RunTime:0.000000s ]
INFO: [ template_filter ] --END-- [ RunTime:0.000000s ]
NOTIC: [8] Undefined variable: nickname D:\WWW\first\Application\Runtime\Cache\Admin\615a4d9a13eca73e3f56e9489b97f800.php 第 286 行.
INFO: Run Behavior\ParseTemplateBehavior [ RunTime:0.030000s ]
INFO: [ view_parse ] --END-- [ RunTime:0.030000s ]
INFO: [ view_filter ] --START--
INFO: Run Behavior\WriteHtmlCacheBehavior [ RunTime:0.000000s ]
INFO: [ view_filter ] --END-- [ RunTime:0.000000s ]
INFO: [ app_end ] --START--
INFO: Run Behavior\ShowPageTraceBehavior [ RunTime:0.000000s ]
INFO: [ app_end ] --END-- [ RunTime:0.000000s ]

[ 2016-04-15T10:59:40+08:00 ] ::1 /first/m.php/Member/edit/id/js/theme.js
INFO: [ app_init ] --START--
INFO: Run Behavior\BuildLiteBehavior [ RunTime:0.000000s ]
INFO: [ app_init ] --END-- [ RunTime:0.000000s ]
INFO: [ app_begin ] --START--
INFO: Run Behavior\ReadHtmlCacheBehavior [ RunTime:0.000000s ]
INFO: [ app_begin ] --END-- [ RunTime:0.000000s ]
SQL: SHOW COLUMNS FROM `anl_member` [ RunTime:0.0100s ]
INFO: [ view_parse ] --START--
INFO: [ template_filter ] --START--
INFO: Run Behavior\ContentReplaceBehavior [ RunTime:0.000000s ]
INFO: [ template_filter ] --END-- [ RunTime:0.000000s ]
NOTIC: [8] Undefined variable: nickname D:\WWW\first\Application\Runtime\Cache\Admin\615a4d9a13eca73e3f56e9489b97f800.php 第 286 行.
INFO: Run Behavior\ParseTemplateBehavior [ RunTime:0.030000s ]
INFO: [ view_parse ] --END-- [ RunTime:0.030000s ]
INFO: [ view_filter ] --START--
INFO: Run Behavior\WriteHtmlCacheBehavior [ RunTime:0.000000s ]
INFO: [ view_filter ] --END-- [ RunTime:0.000000s ]
INFO: [ app_end ] --START--
INFO: Run Behavior\ShowPageTraceBehavior [ RunTime:0.010000s ]
INFO: [ app_end ] --END-- [ RunTime:0.010000s ]

[ 2016-04-15T11:04:57+08:00 ] ::1 /first/m.php/Member/edit/id/1.html
INFO: [ app_init ] --START--
INFO: Run Behavior\BuildLiteBehavior [ RunTime:0.000000s ]
INFO: [ app_init ] --END-- [ RunTime:0.000000s ]
INFO: [ app_begin ] --START--
INFO: Run Behavior\ReadHtmlCacheBehavior [ RunTime:0.000000s ]
INFO: [ app_begin ] --END-- [ RunTime:0.000000s ]
SQL: SHOW COLUMNS FROM `anl_member` [ RunTime:0.0100s ]
INFO: [ view_parse ] --START--
INFO: [ template_filter ] --START--
INFO: Run Behavior\ContentReplaceBehavior [ RunTime:0.000000s ]
INFO: [ template_filter ] --END-- [ RunTime:0.000000s ]
NOTIC: [8] Undefined variable: nickname D:\WWW\first\Application\Runtime\Cache\Admin\615a4d9a13eca73e3f56e9489b97f800.php 第 286 行.
NOTIC: [8] Undefined variable: password D:\WWW\first\Application\Runtime\Cache\Admin\615a4d9a13eca73e3f56e9489b97f800.php 第 290 行.
NOTIC: [8] Undefined variable: repassword D:\WWW\first\Application\Runtime\Cache\Admin\615a4d9a13eca73e3f56e9489b97f800.php 第 294 行.
INFO: Run Behavior\ParseTemplateBehavior [ RunTime:0.030000s ]
INFO: [ view_parse ] --END-- [ RunTime:0.030000s ]
INFO: [ view_filter ] --START--
INFO: Run Behavior\WriteHtmlCacheBehavior [ RunTime:0.000000s ]
INFO: [ view_filter ] --END-- [ RunTime:0.000000s ]
INFO: [ app_end ] --START--
INFO: Run Behavior\ShowPageTraceBehavior [ RunTime:0.000000s ]
INFO: [ app_end ] --END-- [ RunTime:0.000000s ]

[ 2016-04-15T11:04:59+08:00 ] ::1 /first/m.php/Member/edit/id/js/jquery-latest.js
INFO: [ app_init ] --START--
INFO: Run Behavior\BuildLiteBehavior [ RunTime:0.000000s ]
INFO: [ app_init ] --END-- [ RunTime:0.000000s ]
INFO: [ app_begin ] --START--
INFO: Run Behavior\ReadHtmlCacheBehavior [ RunTime:0.000000s ]
INFO: [ app_begin ] --END-- [ RunTime:0.000000s ]
SQL: SHOW COLUMNS FROM `anl_member` [ RunTime:0.0050s ]
INFO: [ view_parse ] --START--
INFO: [ template_filter ] --START--
INFO: Run Behavior\ContentReplaceBehavior [ RunTime:0.001000s ]
INFO: [ template_filter ] --END-- [ RunTime:0.001000s ]
NOTIC: [8] Undefined variable: nickname D:\WWW\first\Application\Runtime\Cache\Admin\615a4d9a13eca73e3f56e9489b97f800.php 第 286 行.
NOTIC: [8] Undefined variable: password D:\WWW\first\Application\Runtime\Cache\Admin\615a4d9a13eca73e3f56e9489b97f800.php 第 290 行.
NOTIC: [8] Undefined variable: repassword D:\WWW\first\Application\Runtime\Cache\Admin\615a4d9a13eca73e3f56e9489b97f800.php 第 294 行.
INFO: Run Behavior\ParseTemplateBehavior [ RunTime:0.012000s ]
INFO: [ view_parse ] --END-- [ RunTime:0.012000s ]
INFO: [ view_filter ] --START--
INFO: Run Behavior\WriteHtmlCacheBehavior [ RunTime:0.000000s ]
INFO: [ view_filter ] --END-- [ RunTime:0.000000s ]
INFO: [ app_end ] --START--
INFO: Run Behavior\ShowPageTraceBehavior [ RunTime:0.000000s ]
INFO: [ app_end ] --END-- [ RunTime:0.000000s ]

[ 2016-04-15T11:05:00+08:00 ] ::1 /first/m.php/Member/edit/id/js/bootstrap.min.js
INFO: [ app_init ] --START--
INFO: Run Behavior\BuildLiteBehavior [ RunTime:0.000000s ]
INFO: [ app_init ] --END-- [ RunTime:0.000000s ]
INFO: [ app_begin ] --START--
INFO: Run Behavior\ReadHtmlCacheBehavior [ RunTime:0.001000s ]
INFO: [ app_begin ] --END-- [ RunTime:0.001000s ]
SQL: SHOW COLUMNS FROM `anl_member` [ RunTime:0.0060s ]
INFO: [ view_parse ] --START--
INFO: [ template_filter ] --START--
INFO: Run Behavior\ContentReplaceBehavior [ RunTime:0.000000s ]
INFO: [ template_filter ] --END-- [ RunTime:0.000000s ]
NOTIC: [8] Undefined variable: nickname D:\WWW\first\Application\Runtime\Cache\Admin\615a4d9a13eca73e3f56e9489b97f800.php 第 286 行.
NOTIC: [8] Undefined variable: password D:\WWW\first\Application\Runtime\Cache\Admin\615a4d9a13eca73e3f56e9489b97f800.php 第 290 行.
NOTIC: [8] Undefined variable: repassword D:\WWW\first\Application\Runtime\Cache\Admin\615a4d9a13eca73e3f56e9489b97f800.php 第 294 行.
INFO: Run Behavior\ParseTemplateBehavior [ RunTime:0.043000s ]
INFO: [ view_parse ] --END-- [ RunTime:0.043000s ]
INFO: [ view_filter ] --START--
INFO: Run Behavior\WriteHtmlCacheBehavior [ RunTime:0.000000s ]
INFO: [ view_filter ] --END-- [ RunTime:0.000000s ]
INFO: [ app_end ] --START--
INFO: Run Behavior\ShowPageTraceBehavior [ RunTime:0.001000s ]
INFO: [ app_end ] --END-- [ RunTime:0.001000s ]

[ 2016-04-15T11:05:01+08:00 ] ::1 /first/m.php/Member/edit/id/js/theme.js
INFO: [ app_init ] --START--
INFO: Run Behavior\BuildLiteBehavior [ RunTime:0.000000s ]
INFO: [ app_init ] --END-- [ RunTime:0.000000s ]
INFO: [ app_begin ] --START--
INFO: Run Behavior\ReadHtmlCacheBehavior [ RunTime:0.000000s ]
INFO: [ app_begin ] --END-- [ RunTime:0.000000s ]
SQL: SHOW COLUMNS FROM `anl_member` [ RunTime:0.0070s ]
INFO: [ view_parse ] --START--
INFO: [ template_filter ] --START--
INFO: Run Behavior\ContentReplaceBehavior [ RunTime:0.000000s ]
INFO: [ template_filter ] --END-- [ RunTime:0.000000s ]
NOTIC: [8] Undefined variable: nickname D:\WWW\first\Application\Runtime\Cache\Admin\615a4d9a13eca73e3f56e9489b97f800.php 第 286 行.
NOTIC: [8] Undefined variable: password D:\WWW\first\Application\Runtime\Cache\Admin\615a4d9a13eca73e3f56e9489b97f800.php 第 290 行.
NOTIC: [8] Undefined variable: repassword D:\WWW\first\Application\Runtime\Cache\Admin\615a4d9a13eca73e3f56e9489b97f800.php 第 294 行.
INFO: Run Behavior\ParseTemplateBehavior [ RunTime:0.045000s ]
INFO: [ view_parse ] --END-- [ RunTime:0.045000s ]
INFO: [ view_filter ] --START--
INFO: Run Behavior\WriteHtmlCacheBehavior [ RunTime:0.001000s ]
INFO: [ view_filter ] --END-- [ RunTime:0.001000s ]
INFO: [ app_end ] --START--
INFO: Run Behavior\ShowPageTraceBehavior [ RunTime:0.001000s ]
INFO: [ app_end ] --END-- [ RunTime:0.001000s ]

[ 2016-04-15T11:06:53+08:00 ] ::1 /first/m.php/Member/edit/id/1.html
INFO: [ app_init ] --START--
INFO: Run Behavior\BuildLiteBehavior [ RunTime:0.000000s ]
INFO: [ app_init ] --END-- [ RunTime:0.000000s ]
INFO: [ app_begin ] --START--
INFO: Run Behavior\ReadHtmlCacheBehavior [ RunTime:0.000000s ]
INFO: [ app_begin ] --END-- [ RunTime:0.000000s ]
SQL: SHOW COLUMNS FROM `anl_member` [ RunTime:0.0000s ]
INFO: [ view_parse ] --START--
INFO: [ template_filter ] --START--
INFO: Run Behavior\ContentReplaceBehavior [ RunTime:0.000000s ]
INFO: [ template_filter ] --END-- [ RunTime:0.000000s ]
NOTIC: [8] Undefined variable: nickname D:\WWW\first\Application\Runtime\Cache\Admin\615a4d9a13eca73e3f56e9489b97f800.php 第 286 行.
NOTIC: [8] Undefined variable: password D:\WWW\first\Application\Runtime\Cache\Admin\615a4d9a13eca73e3f56e9489b97f800.php 第 290 行.
NOTIC: [8] Undefined variable: repassword D:\WWW\first\Application\Runtime\Cache\Admin\615a4d9a13eca73e3f56e9489b97f800.php 第 294 行.
INFO: Run Behavior\ParseTemplateBehavior [ RunTime:0.020000s ]
INFO: [ view_parse ] --END-- [ RunTime:0.020000s ]
INFO: [ view_filter ] --START--
INFO: Run Behavior\WriteHtmlCacheBehavior [ RunTime:0.000000s ]
INFO: [ view_filter ] --END-- [ RunTime:0.000000s ]
INFO: [ app_end ] --START--
INFO: Run Behavior\ShowPageTraceBehavior [ RunTime:0.000000s ]
INFO: [ app_end ] --END-- [ RunTime:0.010000s ]

[ 2016-04-15T11:06:54+08:00 ] ::1 /first/m.php/Member/edit/id/js/bootstrap.min.js
INFO: [ app_init ] --START--
INFO: Run Behavior\BuildLiteBehavior [ RunTime:0.000000s ]
INFO: [ app_init ] --END-- [ RunTime:0.000000s ]
INFO: [ app_begin ] --START--
INFO: Run Behavior\ReadHtmlCacheBehavior [ RunTime:0.000000s ]
INFO: [ app_begin ] --END-- [ RunTime:0.000000s ]
SQL: SHOW COLUMNS FROM `anl_member` [ RunTime:0.0070s ]
INFO: [ view_parse ] --START--
INFO: [ template_filter ] --START--
INFO: Run Behavior\ContentReplaceBehavior [ RunTime:0.001000s ]
INFO: [ template_filter ] --END-- [ RunTime:0.001000s ]
NOTIC: [8] Undefined variable: nickname D:\WWW\first\Application\Runtime\Cache\Admin\615a4d9a13eca73e3f56e9489b97f800.php 第 286 行.
NOTIC: [8] Undefined variable: password D:\WWW\first\Application\Runtime\Cache\Admin\615a4d9a13eca73e3f56e9489b97f800.php 第 290 行.
NOTIC: [8] Undefined variable: repassword D:\WWW\first\Application\Runtime\Cache\Admin\615a4d9a13eca73e3f56e9489b97f800.php 第 294 行.
INFO: Run Behavior\ParseTemplateBehavior [ RunTime:0.022000s ]
INFO: [ view_parse ] --END-- [ RunTime:0.022000s ]
INFO: [ view_filter ] --START--
INFO: Run Behavior\WriteHtmlCacheBehavior [ RunTime:0.001000s ]
INFO: [ view_filter ] --END-- [ RunTime:0.001000s ]
INFO: [ app_end ] --START--
INFO: Run Behavior\ShowPageTraceBehavior [ RunTime:0.001000s ]
INFO: [ app_end ] --END-- [ RunTime:0.001000s ]

[ 2016-04-15T11:06:55+08:00 ] ::1 /first/m.php/Member/edit/id/js/jquery-latest.js
INFO: [ app_init ] --START--
INFO: Run Behavior\BuildLiteBehavior [ RunTime:0.000000s ]
INFO: [ app_init ] --END-- [ RunTime:0.000000s ]
INFO: [ app_begin ] --START--
INFO: Run Behavior\ReadHtmlCacheBehavior [ RunTime:0.000000s ]
INFO: [ app_begin ] --END-- [ RunTime:0.000000s ]
SQL: SHOW COLUMNS FROM `anl_member` [ RunTime:0.0080s ]
INFO: [ view_parse ] --START--
INFO: [ template_filter ] --START--
INFO: Run Behavior\ContentReplaceBehavior [ RunTime:0.000000s ]
INFO: [ template_filter ] --END-- [ RunTime:0.000000s ]
NOTIC: [8] Undefined variable: nickname D:\WWW\first\Application\Runtime\Cache\Admin\615a4d9a13eca73e3f56e9489b97f800.php 第 286 行.
NOTIC: [8] Undefined variable: password D:\WWW\first\Application\Runtime\Cache\Admin\615a4d9a13eca73e3f56e9489b97f800.php 第 290 行.
NOTIC: [8] Undefined variable: repassword D:\WWW\first\Application\Runtime\Cache\Admin\615a4d9a13eca73e3f56e9489b97f800.php 第 294 行.
INFO: Run Behavior\ParseTemplateBehavior [ RunTime:0.026000s ]
INFO: [ view_parse ] --END-- [ RunTime:0.026000s ]
INFO: [ view_filter ] --START--
INFO: Run Behavior\WriteHtmlCacheBehavior [ RunTime:0.000000s ]
INFO: [ view_filter ] --END-- [ RunTime:0.000000s ]
INFO: [ app_end ] --START--
INFO: Run Behavior\ShowPageTraceBehavior [ RunTime:0.001000s ]
INFO: [ app_end ] --END-- [ RunTime:0.002000s ]

[ 2016-04-15T11:06:56+08:00 ] ::1 /first/m.php/Member/edit/id/js/theme.js
INFO: [ app_init ] --START--
INFO: Run Behavior\BuildLiteBehavior [ RunTime:0.000000s ]
INFO: [ app_init ] --END-- [ RunTime:0.000000s ]
INFO: [ app_begin ] --START--
INFO: Run Behavior\ReadHtmlCacheBehavior [ RunTime:0.000000s ]
INFO: [ app_begin ] --END-- [ RunTime:0.000000s ]
SQL: SHOW COLUMNS FROM `anl_member` [ RunTime:0.0070s ]
INFO: [ view_parse ] --START--
INFO: [ template_filter ] --START--
INFO: Run Behavior\ContentReplaceBehavior [ RunTime:0.000000s ]
INFO: [ template_filter ] --END-- [ RunTime:0.000000s ]
NOTIC: [8] Undefined variable: nickname D:\WWW\first\Application\Runtime\Cache\Admin\615a4d9a13eca73e3f56e9489b97f800.php 第 286 行.
NOTIC: [8] Undefined variable: password D:\WWW\first\Application\Runtime\Cache\Admin\615a4d9a13eca73e3f56e9489b97f800.php 第 290 行.
NOTIC: [8] Undefined variable: repassword D:\WWW\first\Application\Runtime\Cache\Admin\615a4d9a13eca73e3f56e9489b97f800.php 第 294 行.
INFO: Run Behavior\ParseTemplateBehavior [ RunTime:0.022000s ]
INFO: [ view_parse ] --END-- [ RunTime:0.022000s ]
INFO: [ view_filter ] --START--
INFO: Run Behavior\WriteHtmlCacheBehavior [ RunTime:0.000000s ]
INFO: [ view_filter ] --END-- [ RunTime:0.000000s ]
INFO: [ app_end ] --START--
INFO: Run Behavior\ShowPageTraceBehavior [ RunTime:0.001000s ]
INFO: [ app_end ] --END-- [ RunTime:0.001000s ]

[ 2016-04-15T17:13:52+08:00 ] ::1 /first/m.php/Member/edit/id/1.html
INFO: [ app_init ] --START--
INFO: Run Behavior\BuildLiteBehavior [ RunTime:0.000000s ]
INFO: [ app_init ] --END-- [ RunTime:0.000000s ]
INFO: [ app_begin ] --START--
INFO: Run Behavior\ReadHtmlCacheBehavior [ RunTime:0.000000s ]
INFO: [ app_begin ] --END-- [ RunTime:0.000000s ]
SQL: SHOW COLUMNS FROM `anl_member` [ RunTime:0.0090s ]
INFO: [ view_parse ] --START--
INFO: [ template_filter ] --START--
INFO: Run Behavior\ContentReplaceBehavior [ RunTime:0.000000s ]
INFO: [ template_filter ] --END-- [ RunTime:0.000000s ]
NOTIC: [8] Undefined variable: nickname D:\WWW\first\Application\Runtime\Cache\Admin\615a4d9a13eca73e3f56e9489b97f800.php 第 286 行.
NOTIC: [8] Undefined variable: password D:\WWW\first\Application\Runtime\Cache\Admin\615a4d9a13eca73e3f56e9489b97f800.php 第 290 行.
NOTIC: [8] Undefined variable: repassword D:\WWW\first\Application\Runtime\Cache\Admin\615a4d9a13eca73e3f56e9489b97f800.php 第 294 行.
INFO: Run Behavior\ParseTemplateBehavior [ RunTime:0.023000s ]
INFO: [ view_parse ] --END-- [ RunTime:0.023000s ]
INFO: [ view_filter ] --START--
INFO: Run Behavior\WriteHtmlCacheBehavior [ RunTime:0.001000s ]
INFO: [ view_filter ] --END-- [ RunTime:0.001000s ]
INFO: [ app_end ] --START--
INFO: Run Behavior\ShowPageTraceBehavior [ RunTime:0.002000s ]
INFO: [ app_end ] --END-- [ RunTime:0.002000s ]

[ 2016-04-15T17:13:53+08:00 ] ::1 /first/m.php/Member/edit/id/js/jquery-latest.js
INFO: [ app_init ] --START--
INFO: Run Behavior\BuildLiteBehavior [ RunTime:0.000000s ]
INFO: [ app_init ] --END-- [ RunTime:0.000000s ]
INFO: [ app_begin ] --START--
INFO: Run Behavior\ReadHtmlCacheBehavior [ RunTime:0.000000s ]
INFO: [ app_begin ] --END-- [ RunTime:0.000000s ]
SQL: SHOW COLUMNS FROM `anl_member` [ RunTime:0.0030s ]
INFO: [ view_parse ] --START--
INFO: [ template_filter ] --START--
INFO: Run Behavior\ContentReplaceBehavior [ RunTime:0.000000s ]
INFO: [ template_filter ] --END-- [ RunTime:0.000000s ]
NOTIC: [8] Undefined variable: nickname D:\WWW\first\Application\Runtime\Cache\Admin\615a4d9a13eca73e3f56e9489b97f800.php 第 286 行.
NOTIC: [8] Undefined variable: password D:\WWW\first\Application\Runtime\Cache\Admin\615a4d9a13eca73e3f56e9489b97f800.php 第 290 行.
NOTIC: [8] Undefined variable: repassword D:\WWW\first\Application\Runtime\Cache\Admin\615a4d9a13eca73e3f56e9489b97f800.php 第 294 行.
INFO: Run Behavior\ParseTemplateBehavior [ RunTime:0.008000s ]
INFO: [ view_parse ] --END-- [ RunTime:0.008000s ]
INFO: [ view_filter ] --START--
INFO: Run Behavior\WriteHtmlCacheBehavior [ RunTime:0.000000s ]
INFO: [ view_filter ] --END-- [ RunTime:0.000000s ]
INFO: [ app_end ] --START--
INFO: Run Behavior\ShowPageTraceBehavior [ RunTime:0.001000s ]
INFO: [ app_end ] --END-- [ RunTime:0.001000s ]

[ 2016-04-15T17:13:54+08:00 ] ::1 /first/m.php/Member/edit/id/js/bootstrap.min.js
INFO: [ app_init ] --START--
INFO: Run Behavior\BuildLiteBehavior [ RunTime:0.000000s ]
INFO: [ app_init ] --END-- [ RunTime:0.000000s ]
INFO: [ app_begin ] --START--
INFO: Run Behavior\ReadHtmlCacheBehavior [ RunTime:0.000000s ]
INFO: [ app_begin ] --END-- [ RunTime:0.000000s ]
SQL: SHOW COLUMNS FROM `anl_member` [ RunTime:0.0020s ]
INFO: [ view_parse ] --START--
INFO: [ template_filter ] --START--
INFO: Run Behavior\ContentReplaceBehavior [ RunTime:0.000000s ]
INFO: [ template_filter ] --END-- [ RunTime:0.000000s ]
NOTIC: [8] Undefined variable: nickname D:\WWW\first\Application\Runtime\Cache\Admin\615a4d9a13eca73e3f56e9489b97f800.php 第 286 行.
NOTIC: [8] Undefined variable: password D:\WWW\first\Application\Runtime\Cache\Admin\615a4d9a13eca73e3f56e9489b97f800.php 第 290 行.
NOTIC: [8] Undefined variable: repassword D:\WWW\first\Application\Runtime\Cache\Admin\615a4d9a13eca73e3f56e9489b97f800.php 第 294 行.
INFO: Run Behavior\ParseTemplateBehavior [ RunTime:0.015000s ]
INFO: [ view_parse ] --END-- [ RunTime:0.016000s ]
INFO: [ view_filter ] --START--
INFO: Run Behavior\WriteHtmlCacheBehavior [ RunTime:0.000000s ]
INFO: [ view_filter ] --END-- [ RunTime:0.000000s ]
INFO: [ app_end ] --START--
INFO: Run Behavior\ShowPageTraceBehavior [ RunTime:0.000000s ]
INFO: [ app_end ] --END-- [ RunTime:0.001000s ]

[ 2016-04-15T17:13:55+08:00 ] ::1 /first/m.php/Member/edit/id/js/theme.js
INFO: [ app_init ] --START--
INFO: Run Behavior\BuildLiteBehavior [ RunTime:0.000000s ]
INFO: [ app_init ] --END-- [ RunTime:0.000000s ]
INFO: [ app_begin ] --START--
INFO: Run Behavior\ReadHtmlCacheBehavior [ RunTime:0.000000s ]
INFO: [ app_begin ] --END-- [ RunTime:0.000000s ]
SQL: SHOW COLUMNS FROM `anl_member` [ RunTime:0.0040s ]
INFO: [ view_parse ] --START--
INFO: [ template_filter ] --START--
INFO: Run Behavior\ContentReplaceBehavior [ RunTime:0.000000s ]
INFO: [ template_filter ] --END-- [ RunTime:0.001000s ]
NOTIC: [8] Undefined variable: nickname D:\WWW\first\Application\Runtime\Cache\Admin\615a4d9a13eca73e3f56e9489b97f800.php 第 286 行.
NOTIC: [8] Undefined variable: password D:\WWW\first\Application\Runtime\Cache\Admin\615a4d9a13eca73e3f56e9489b97f800.php 第 290 行.
NOTIC: [8] Undefined variable: repassword D:\WWW\first\Application\Runtime\Cache\Admin\615a4d9a13eca73e3f56e9489b97f800.php 第 294 行.
INFO: Run Behavior\ParseTemplateBehavior [ RunTime:0.026000s ]
INFO: [ view_parse ] --END-- [ RunTime:0.027000s ]
INFO: [ view_filter ] --START--
INFO: Run Behavior\WriteHtmlCacheBehavior [ RunTime:0.000000s ]
INFO: [ view_filter ] --END-- [ RunTime:0.000000s ]
INFO: [ app_end ] --START--
INFO: Run Behavior\ShowPageTraceBehavior [ RunTime:0.001000s ]
INFO: [ app_end ] --END-- [ RunTime:0.001000s ]

[ 2016-04-15T18:24:33+08:00 ] ::1 /first/m.php/Index/index.html
INFO: [ app_init ] --START--
INFO: Run Behavior\BuildLiteBehavior [ RunTime:0.000000s ]
INFO: [ app_init ] --END-- [ RunTime:0.000000s ]
INFO: [ app_begin ] --START--
INFO: Run Behavior\ReadHtmlCacheBehavior [ RunTime:0.001000s ]
INFO: [ app_begin ] --END-- [ RunTime:0.001000s ]
INFO: [ view_parse ] --START--
INFO: [ template_filter ] --START--
INFO: Run Behavior\ContentReplaceBehavior [ RunTime:0.000000s ]
INFO: [ template_filter ] --END-- [ RunTime:0.000000s ]
INFO: Run Behavior\ParseTemplateBehavior [ RunTime:0.017000s ]
INFO: [ view_parse ] --END-- [ RunTime:0.017000s ]
INFO: [ view_filter ] --START--
INFO: Run Behavior\WriteHtmlCacheBehavior [ RunTime:0.000000s ]
INFO: [ view_filter ] --END-- [ RunTime:0.000000s ]
INFO: [ app_end ] --START--
INFO: Run Behavior\ShowPageTraceBehavior [ RunTime:0.000000s ]
INFO: [ app_end ] --END-- [ RunTime:0.000000s ]

[ 2016-04-15T18:24:38+08:00 ] ::1 /first/m.php/Member/edit.html
INFO: [ app_init ] --START--
INFO: Run Behavior\BuildLiteBehavior [ RunTime:0.000000s ]
INFO: [ app_init ] --END-- [ RunTime:0.000000s ]
INFO: [ app_begin ] --START--
INFO: Run Behavior\ReadHtmlCacheBehavior [ RunTime:0.000000s ]
INFO: [ app_begin ] --END-- [ RunTime:0.000000s ]
SQL: SHOW COLUMNS FROM `anl_member` [ RunTime:0.0040s ]
INFO: [ view_parse ] --START--
INFO: [ template_filter ] --START--
INFO: Run Behavior\ContentReplaceBehavior [ RunTime:0.000000s ]
INFO: [ template_filter ] --END-- [ RunTime:0.000000s ]
NOTIC: [8] Undefined variable: nickname D:\WWW\first\Application\Runtime\Cache\Admin\615a4d9a13eca73e3f56e9489b97f800.php 第 286 行.
NOTIC: [8] Undefined variable: password D:\WWW\first\Application\Runtime\Cache\Admin\615a4d9a13eca73e3f56e9489b97f800.php 第 290 行.
NOTIC: [8] Undefined variable: repassword D:\WWW\first\Application\Runtime\Cache\Admin\615a4d9a13eca73e3f56e9489b97f800.php 第 294 行.
INFO: Run Behavior\ParseTemplateBehavior [ RunTime:0.010000s ]
INFO: [ view_parse ] --END-- [ RunTime:0.010000s ]
INFO: [ view_filter ] --START--
INFO: Run Behavior\WriteHtmlCacheBehavior [ RunTime:0.001000s ]
INFO: [ view_filter ] --END-- [ RunTime:0.001000s ]
INFO: [ app_end ] --START--
INFO: Run Behavior\ShowPageTraceBehavior [ RunTime:0.000000s ]
INFO: [ app_end ] --END-- [ RunTime:0.000000s ]

[ 2016-04-15T18:24:38+08:00 ] ::1 /first/m.php/Member/js/jquery-latest.js
INFO: [ app_init ] --START--
INFO: Run Behavior\BuildLiteBehavior [ RunTime:0.000000s ]
INFO: [ app_init ] --END-- [ RunTime:0.001000s ]
INFO: [ app_begin ] --START--
INFO: Run Behavior\ReadHtmlCacheBehavior [ RunTime:0.001000s ]
INFO: [ app_begin ] --END-- [ RunTime:0.001000s ]
ERR: 非法操作:js

[ 2016-04-15T18:24:38+08:00 ] ::1 /first/m.php/Member/js/jquery-latest.js
INFO: [ app_init ] --START--
INFO: Run Behavior\BuildLiteBehavior [ RunTime:0.000000s ]
INFO: [ app_init ] --END-- [ RunTime:0.000000s ]
INFO: [ app_begin ] --START--
INFO: Run Behavior\ReadHtmlCacheBehavior [ RunTime:0.000000s ]
INFO: [ app_begin ] --END-- [ RunTime:0.000000s ]
ERR: 非法操作:js

[ 2016-04-15T18:24:40+08:00 ] ::1 /first/m.php/Member/index.html
INFO: [ app_init ] --START--
INFO: Run Behavior\BuildLiteBehavior [ RunTime:0.000000s ]
INFO: [ app_init ] --END-- [ RunTime:0.000000s ]
INFO: [ app_begin ] --START--
INFO: Run Behavior\ReadHtmlCacheBehavior [ RunTime:0.000000s ]
INFO: [ app_begin ] --END-- [ RunTime:0.000000s ]
SQL: SHOW COLUMNS FROM `anl_member` [ RunTime:0.0080s ]
SQL: SELECT * FROM `anl_member`  [ RunTime:0.0010s ]
INFO: [ view_parse ] --START--
INFO: [ template_filter ] --START--
INFO: Run Behavior\ContentReplaceBehavior [ RunTime:0.001000s ]
INFO: [ template_filter ] --END-- [ RunTime:0.001000s ]
NOTIC: [8] Undefined variable: val D:\WWW\first\Application\Runtime\Cache\Admin\cd4483014f2e11fff8848d4b0b1995b7.php 第 360 行.
NOTIC: [8] Undefined variable: val D:\WWW\first\Application\Runtime\Cache\Admin\cd4483014f2e11fff8848d4b0b1995b7.php 第 360 行.
NOTIC: [8] Undefined variable: val D:\WWW\first\Application\Runtime\Cache\Admin\cd4483014f2e11fff8848d4b0b1995b7.php 第 360 行.
NOTIC: [8] Undefined variable: val D:\WWW\first\Application\Runtime\Cache\Admin\cd4483014f2e11fff8848d4b0b1995b7.php 第 360 行.
NOTIC: [8] Undefined variable: val D:\WWW\first\Application\Runtime\Cache\Admin\cd4483014f2e11fff8848d4b0b1995b7.php 第 360 行.
NOTIC: [8] Undefined variable: val D:\WWW\first\Application\Runtime\Cache\Admin\cd4483014f2e11fff8848d4b0b1995b7.php 第 360 行.
NOTIC: [8] Undefined variable: val D:\WWW\first\Application\Runtime\Cache\Admin\cd4483014f2e11fff8848d4b0b1995b7.php 第 360 行.
NOTIC: [8] Undefined variable: val D:\WWW\first\Application\Runtime\Cache\Admin\cd4483014f2e11fff8848d4b0b1995b7.php 第 360 行.
NOTIC: [8] Undefined variable: val D:\WWW\first\Application\Runtime\Cache\Admin\cd4483014f2e11fff8848d4b0b1995b7.php 第 360 行.
NOTIC: [8] Undefined variable: val D:\WWW\first\Application\Runtime\Cache\Admin\cd4483014f2e11fff8848d4b0b1995b7.php 第 360 行.
NOTIC: [8] Undefined variable: val D:\WWW\first\Application\Runtime\Cache\Admin\cd4483014f2e11fff8848d4b0b1995b7.php 第 360 行.
NOTIC: [8] Undefined variable: val D:\WWW\first\Application\Runtime\Cache\Admin\cd4483014f2e11fff8848d4b0b1995b7.php 第 360 行.
NOTIC: [8] Undefined variable: val D:\WWW\first\Application\Runtime\Cache\Admin\cd4483014f2e11fff8848d4b0b1995b7.php 第 360 行.
NOTIC: [8] Undefined variable: val D:\WWW\first\Application\Runtime\Cache\Admin\cd4483014f2e11fff8848d4b0b1995b7.php 第 360 行.
NOTIC: [8] Undefined variable: val D:\WWW\first\Application\Runtime\Cache\Admin\cd4483014f2e11fff8848d4b0b1995b7.php 第 360 行.
NOTIC: [8] Undefined variable: val D:\WWW\first\Application\Runtime\Cache\Admin\cd4483014f2e11fff8848d4b0b1995b7.php 第 360 行.
NOTIC: [8] Undefined variable: val D:\WWW\first\Application\Runtime\Cache\Admin\cd4483014f2e11fff8848d4b0b1995b7.php 第 360 行.
NOTIC: [8] Undefined variable: val D:\WWW\first\Application\Runtime\Cache\Admin\cd4483014f2e11fff8848d4b0b1995b7.php 第 360 行.
NOTIC: [8] Undefined variable: val D:\WWW\first\Application\Runtime\Cache\Admin\cd4483014f2e11fff8848d4b0b1995b7.php 第 360 行.
NOTIC: [8] Undefined variable: val D:\WWW\first\Application\Runtime\Cache\Admin\cd4483014f2e11fff8848d4b0b1995b7.php 第 360 行.
NOTIC: [8] Undefined variable: val D:\WWW\first\Application\Runtime\Cache\Admin\cd4483014f2e11fff8848d4b0b1995b7.php 第 360 行.
NOTIC: [8] Undefined variable: val D:\WWW\first\Application\Runtime\Cache\Admin\cd4483014f2e11fff8848d4b0b1995b7.php 第 360 行.
NOTIC: [8] Undefined variable: val D:\WWW\first\Application\Runtime\Cache\Admin\cd4483014f2e11fff8848d4b0b1995b7.php 第 360 行.
NOTIC: [8] Undefined variable: val D:\WWW\first\Application\Runtime\Cache\Admin\cd4483014f2e11fff8848d4b0b1995b7.php 第 360 行.
NOTIC: [8] Undefined variable: val D:\WWW\first\Application\Runtime\Cache\Admin\cd4483014f2e11fff8848d4b0b1995b7.php 第 360 行.
NOTIC: [8] Undefined variable: val D:\WWW\first\Application\Runtime\Cache\Admin\cd4483014f2e11fff8848d4b0b1995b7.php 第 360 行.
NOTIC: [8] Undefined variable: val D:\WWW\first\Application\Runtime\Cache\Admin\cd4483014f2e11fff8848d4b0b1995b7.php 第 360 行.
NOTIC: [8] Undefined variable: val D:\WWW\first\Application\Runtime\Cache\Admin\cd4483014f2e11fff8848d4b0b1995b7.php 第 360 行.
NOTIC: [8] Undefined variable: val D:\WWW\first\Application\Runtime\Cache\Admin\cd4483014f2e11fff8848d4b0b1995b7.php 第 360 行.
NOTIC: [8] Undefined variable: val D:\WWW\first\Application\Runtime\Cache\Admin\cd4483014f2e11fff8848d4b0b1995b7.php 第 360 行.
NOTIC: [8] Undefined variable: val D:\WWW\first\Application\Runtime\Cache\Admin\cd4483014f2e11fff8848d4b0b1995b7.php 第 360 行.
NOTIC: [8] Undefined variable: val D:\WWW\first\Application\Runtime\Cache\Admin\cd4483014f2e11fff8848d4b0b1995b7.php 第 360 行.
NOTIC: [8] Undefined variable: val D:\WWW\first\Application\Runtime\Cache\Admin\cd4483014f2e11fff8848d4b0b1995b7.php 第 360 行.
NOTIC: [8] Undefined variable: val D:\WWW\first\Application\Runtime\Cache\Admin\cd4483014f2e11fff8848d4b0b1995b7.php 第 360 行.
NOTIC: [8] Undefined variable: val D:\WWW\first\Application\Runtime\Cache\Admin\cd4483014f2e11fff8848d4b0b1995b7.php 第 360 行.
NOTIC: [8] Undefined variable: val D:\WWW\first\Application\Runtime\Cache\Admin\cd4483014f2e11fff8848d4b0b1995b7.php 第 360 行.
NOTIC: [8] Undefined variable: val D:\WWW\first\Application\Runtime\Cache\Admin\cd4483014f2e11fff8848d4b0b1995b7.php 第 360 行.
INFO: Run Behavior\ParseTemplateBehavior [ RunTime:0.020000s ]
INFO: [ view_parse ] --END-- [ RunTime:0.020000s ]
INFO: [ view_filter ] --START--
INFO: Run Behavior\WriteHtmlCacheBehavior [ RunTime:0.000000s ]
INFO: [ view_filter ] --END-- [ RunTime:0.000000s ]
INFO: [ app_end ] --START--
INFO: Run Behavior\ShowPageTraceBehavior [ RunTime:0.000000s ]
INFO: [ app_end ] --END-- [ RunTime:0.001000s ]

[ 2016-04-15T18:24:40+08:00 ] ::1 /first/m.php/Member/js/bootstrap.min.js
INFO: [ app_init ] --START--
INFO: Run Behavior\BuildLiteBehavior [ RunTime:0.000000s ]
INFO: [ app_init ] --END-- [ RunTime:0.001000s ]
INFO: [ app_begin ] --START--
INFO: Run Behavior\ReadHtmlCacheBehavior [ RunTime:0.001000s ]
INFO: [ app_begin ] --END-- [ RunTime:0.001000s ]
ERR: 非法操作:js

[ 2016-04-15T18:24:40+08:00 ] ::1 /first/m.php/Member/js/theme.js
INFO: [ app_init ] --START--
INFO: Run Behavior\BuildLiteBehavior [ RunTime:0.000000s ]
INFO: [ app_init ] --END-- [ RunTime:0.000000s ]
INFO: [ app_begin ] --START--
INFO: Run Behavior\ReadHtmlCacheBehavior [ RunTime:0.001000s ]
INFO: [ app_begin ] --END-- [ RunTime:0.001000s ]
ERR: 非法操作:js

[ 2016-04-15T18:24:40+08:00 ] ::1 /first/m.php/Member/js/theme.js
INFO: [ app_init ] --START--
INFO: Run Behavior\BuildLiteBehavior [ RunTime:0.000000s ]
INFO: [ app_init ] --END-- [ RunTime:0.001000s ]
INFO: [ app_begin ] --START--
INFO: Run Behavior\ReadHtmlCacheBehavior [ RunTime:0.000000s ]
INFO: [ app_begin ] --END-- [ RunTime:0.000000s ]
ERR: 非法操作:js

